2024-03-02 04:52:02.105 [info] Reading sessions from keychain...
2024-03-02 04:52:02.105 [info] Getting sessions for all scopes...
2024-03-02 04:52:02.105 [info] Getting sessions for user:email...
2024-03-02 04:52:02.197 [info] Got stored sessions!
2024-03-02 04:52:02.197 [info] Got 6 verified sessions.
2024-03-02 04:52:02.197 [info] Got 6 sessions for ...
2024-03-02 04:52:02.197 [info] Got 1 sessions for user:email...
2024-03-02 04:52:02.199 [info] Getting sessions for all scopes...
2024-03-02 04:52:02.199 [info] Got 6 sessions for ...
2024-03-02 04:52:04.848 [info] Getting sessions for codespace,read:user,repo,user:email...
2024-03-02 04:52:04.848 [info] Got 1 sessions for codespace,read:user,repo,user:email...
2024-03-02 04:52:04.895 [info] Getting sessions for all scopes...
2024-03-02 04:52:04.895 [info] Got 6 sessions for ...
2024-03-02 04:52:05.468 [info] Getting sessions for all scopes...
2024-03-02 04:52:05.469 [info] Got 6 sessions for ...
2024-03-02 04:52:07.993 [info] Getting sessions for all scopes...
2024-03-02 04:52:07.994 [info] Got 6 sessions for ...
2024-03-02 04:52:08.116 [info] Getting sessions for all scopes...
2024-03-02 04:52:08.116 [info] Got 6 sessions for ...
2024-03-02 04:52:08.534 [info] Getting sessions for all scopes...
2024-03-02 04:52:08.534 [info] Got 6 sessions for ...
2024-03-02 04:52:08.640 [info] Getting sessions for read:user,repo,user:email,workflow...
2024-03-02 04:52:08.640 [info] Got 1 sessions for read:user,repo,user:email,workflow...
2024-03-02 04:52:08.702 [info] Getting sessions for all scopes...
2024-03-02 04:52:08.702 [info] Got 6 sessions for ...
2024-03-02 04:52:10.381 [info] Getting sessions for user:email...
2024-03-02 04:52:10.381 [info] Getting sessions for project,read:org,read:user,repo,user:email,workflow...
2024-03-02 04:52:10.381 [info] Got 1 sessions for user:email...
2024-03-02 04:52:10.381 [info] Got 0 sessions for project,read:org,read:user,repo,user:email,workflow...
2024-03-02 04:52:11.019 [info] Getting sessions for read:user,repo,user:email,workflow...
2024-03-02 04:52:11.019 [info] Got 1 sessions for read:user,repo,user:email,workflow...
2024-03-02 04:52:13.245 [info] Getting sessions for read:user,repo,user:email,workflow...
2024-03-02 04:52:13.245 [info] Got 1 sessions for read:user,repo,user:email,workflow...
