2024-03-02 04:22:33.075 [info] Reading sessions from keychain...
2024-03-02 04:22:33.075 [info] Getting sessions for all scopes...
2024-03-02 04:22:33.076 [info] Getting sessions for user:email...
2024-03-02 04:22:33.076 [info] Getting sessions for all scopes...
2024-03-02 04:22:33.076 [info] Got stored sessions!
2024-03-02 04:22:33.076 [info] Got 6 verified sessions.
2024-03-02 04:22:33.077 [info] Got 6 sessions for ...
2024-03-02 04:22:33.077 [info] Got 1 sessions for user:email...
2024-03-02 04:22:33.077 [info] Got 6 sessions for ...
2024-03-02 04:22:33.237 [info] Getting sessions for codespace,read:user,repo,user:email...
2024-03-02 04:22:33.238 [info] Getting sessions for all scopes...
2024-03-02 04:22:33.238 [info] Got 1 sessions for codespace,read:user,repo,user:email...
2024-03-02 04:22:33.238 [info] Got 6 sessions for ...
2024-03-02 04:22:33.734 [info] Getting sessions for all scopes...
2024-03-02 04:22:33.735 [info] Got 6 sessions for ...
2024-03-02 04:22:41.998 [info] Getting sessions for all scopes...
2024-03-02 04:22:42.010 [info] Got 6 sessions for ...
2024-03-02 04:22:42.289 [info] Getting sessions for all scopes...
2024-03-02 04:22:42.290 [info] Got 6 sessions for ...
2024-03-02 04:22:43.145 [info] Getting sessions for all scopes...
2024-03-02 04:22:43.145 [info] Got 6 sessions for ...
2024-03-02 04:22:43.839 [info] Getting sessions for all scopes...
2024-03-02 04:22:43.840 [info] Got 6 sessions for ...
2024-03-02 04:22:44.131 [info] Getting sessions for project,read:org,read:user,repo,user:email,workflow...
2024-03-02 04:22:44.134 [info] Got 0 sessions for project,read:org,read:user,repo,user:email,workflow...
2024-03-02 04:22:48.979 [info] Getting sessions for read:user,repo,user:email,workflow...
2024-03-02 04:22:48.979 [info] Getting sessions for read:user,repo,user:email,workflow...
2024-03-02 04:22:48.979 [info] Got 1 sessions for read:user,repo,user:email,workflow...
2024-03-02 04:22:48.980 [info] Got 1 sessions for read:user,repo,user:email,workflow...
2024-03-02 04:22:50.605 [info] Getting sessions for user:email...
2024-03-02 04:22:50.605 [info] Got 1 sessions for user:email...
2024-03-02 04:22:58.341 [info] Getting sessions for read:user,repo,user:email,workflow...
2024-03-02 04:22:58.341 [info] Got 1 sessions for read:user,repo,user:email,workflow...
2024-03-02 04:23:07.414 [info] Getting sessions for read:user,repo,user:email,workflow...
2024-03-02 04:23:07.414 [info] Got 1 sessions for read:user,repo,user:email,workflow...
