2024-03-02 04:52:10.375 [warning] /home/vscode/.ssh/config: ENOENT: no such file or directory, open '/home/vscode/.ssh/config'
2024-03-02 04:52:10.376 [info] Activation> Extension version: 0.78.1
2024-03-02 04:52:11.821 [info] Looking for git repository
2024-03-02 04:52:11.822 [info] Found 0 repositories during activation
2024-03-02 04:52:11.822 [info] Git repository found, initializing review manager and pr tree view.
2024-03-02 04:52:11.823 [info] Registering git provider
2024-03-02 05:41:14.063 [info] Repository file:///home/vscode/progate_path/self_introduction_push/self_introduction has been opened
2024-03-02 05:41:14.063 [info] Review+0> Validate state in progress
2024-03-02 05:41:14.063 [info] Review+0> Validating state...
2024-03-02 05:41:14.065 [warning] No remotes found. The following remotes are missing: origin, upstream
2024-03-02 05:41:14.065 [info] No GitHub remotes found for folder /home/vscode/progate_path/self_introduction_push/self_introduction
2024-03-02 05:41:14.166 [info] Review+0> Queuing additional validate state
2024-03-02 05:41:14.166 [info] Repo state for file:///home/vscode/progate_path/self_introduction_push/self_introduction changed.
2024-03-02 05:41:14.166 [info] Repo file:///home/vscode/progate_path/self_introduction_push/self_introduction has already been setup.
2024-03-02 05:41:14.560 [info] Review+0> Validating state...
2024-03-02 05:41:14.560 [warning] No remotes found. The following remotes are missing: origin, upstream
2024-03-02 05:41:14.560 [info] No GitHub remotes found for folder /home/vscode/progate_path/self_introduction_push/self_introduction
2024-03-02 05:41:14.617 [info] Review+0> No matching pull request metadata found locally for current branch main
2024-03-02 05:41:14.620 [info] Review+0> Failed to get upstream for branch main from git config.
2024-03-02 05:41:14.620 [info] Review+0> No matching pull request metadata found on GitHub for current branch main
2024-03-02 05:44:06.423 [info] Review+0> Validate state in progress
2024-03-02 05:44:06.423 [info] Review+0> Validating state...
2024-03-02 05:44:06.423 [warning] No remotes found. The following remotes are missing: origin, upstream
2024-03-02 05:44:06.423 [info] No GitHub remotes found for folder /home/vscode/progate_path/self_introduction_push/self_introduction
2024-03-02 05:44:06.483 [info] Review+0> No matching pull request metadata found locally for current branch main
2024-03-02 05:44:06.485 [info] Review+0> Failed to get upstream for branch main from git config.
2024-03-02 05:44:06.485 [info] Review+0> No matching pull request metadata found on GitHub for current branch main
2024-03-02 05:45:29.881 [info] Review+0> Validate state in progress
2024-03-02 05:45:29.881 [info] Review+0> Validating state...
2024-03-02 05:45:30.011 [info] Found GitHub remote for folder /home/vscode/progate_path/self_introduction_push/self_introduction
2024-03-02 05:45:30.411 [info] Trying to use globalState for assignableUsers.
2024-03-02 05:45:30.604 [info] Review+0> No matching pull request metadata found locally for current branch main
2024-03-02 05:45:30.607 [info] Review+0> Failed to get upstream for branch main from git config.
2024-03-02 05:45:30.608 [info] Review+0> No matching pull request metadata found on GitHub for current branch main
2024-03-02 05:45:30.787 [info] No globalState for assignableUsers.
2024-03-02 05:47:46.611 [info] Review+0> Validate state in progress
2024-03-02 05:47:46.611 [info] Review+0> Validating state...
2024-03-02 05:47:46.714 [info] Found GitHub remote for folder /home/vscode/progate_path/self_introduction_push/self_introduction
2024-03-02 05:47:46.715 [info] Using in-memory cached assignable users.
2024-03-02 05:47:46.885 [info] Review+0> No matching pull request metadata found locally for current branch branch-a
2024-03-02 05:47:46.890 [info] Review+0> Failed to get upstream for branch branch-a from git config.
2024-03-02 05:47:46.890 [info] Review+0> No matching pull request metadata found on GitHub for current branch branch-a
2024-03-02 06:13:50.200 [info] Review+0> Validate state in progress
2024-03-02 06:13:50.200 [info] Review+0> Validating state...
2024-03-02 06:13:50.499 [info] Found GitHub remote for folder /home/vscode/progate_path/self_introduction_push/self_introduction
2024-03-02 06:13:50.500 [info] Using in-memory cached assignable users.
2024-03-02 06:13:50.555 [info] Review+0> No matching pull request metadata found locally for current branch branch-a
2024-03-02 06:13:50.582 [info] Review+0> Failed to get upstream for branch branch-a from git config.
2024-03-02 06:13:50.583 [info] Review+0> No matching pull request metadata found on GitHub for current branch branch-a
