2024-03-02 04:22:45.791 [warning] /home/vscode/.ssh/config: ENOENT: no such file or directory, open '/home/vscode/.ssh/config'
2024-03-02 04:22:45.791 [info] Activation> Extension version: 0.78.1
2024-03-02 04:22:53.735 [info] Looking for git repository
2024-03-02 04:22:53.736 [info] Found 0 repositories during activation
2024-03-02 04:22:53.736 [info] Git repository found, initializing review manager and pr tree view.
2024-03-02 04:22:53.750 [info] Registering git provider
2024-03-02 04:22:57.568 [info] Repo state for file:///home/vscode/.nodenv changed.
2024-03-02 04:22:57.570 [info] Repo file:///home/vscode/.nodenv has already been setup.
2024-03-02 04:22:58.090 [info] Repository file:///home/vscode/environment has been opened
2024-03-02 04:22:58.095 [info] Git initialization state changed: state=initialized
2024-03-02 04:22:58.095 [info] Review+0> Validate state in progress
2024-03-02 04:22:58.096 [info] Review+0> Validating state...
2024-03-02 04:22:58.096 [info] Review+1> Validate state in progress
2024-03-02 04:22:58.096 [info] Review+1> Validating state...
2024-03-02 04:22:58.096 [info] Review+2> Validate state in progress
2024-03-02 04:22:58.097 [info] Review+2> Validating state...
2024-03-02 04:22:58.097 [warning] No remotes found. The following remotes are missing: origin, upstream
2024-03-02 04:22:58.098 [info] No GitHub remotes found for folder /home/vscode/environment
2024-03-02 04:22:58.246 [info] Review+0> Queuing additional validate state
2024-03-02 04:22:58.246 [info] Repo state for file:///home/vscode/.oh-my-zsh changed.
2024-03-02 04:22:58.247 [info] Repo file:///home/vscode/.oh-my-zsh has already been setup.
2024-03-02 04:22:58.347 [info] Found GitHub remote for folder /home/vscode/.oh-my-zsh
2024-03-02 04:22:58.348 [info] Found GitHub remote for folder /home/vscode/.nodenv
2024-03-02 04:23:02.238 [info] Review+2> Validate state in progress
2024-03-02 04:23:02.239 [info] Review+2> Validating state...
2024-03-02 04:23:02.240 [info] Repo state for file:///home/vscode/environment changed.
2024-03-02 04:23:02.240 [info] Repo file:///home/vscode/environment has already been setup.
2024-03-02 04:23:02.245 [warning] No remotes found. The following remotes are missing: origin, upstream
2024-03-02 04:23:02.248 [info] No GitHub remotes found for folder /home/vscode/environment
2024-03-02 04:23:02.884 [info] Trying to use globalState for assignableUsers.
2024-03-02 04:23:03.781 [info] Trying to use globalState for assignableUsers.
2024-03-02 04:23:04.515 [info] Review+2> No matching pull request metadata found locally for current branch main
2024-03-02 04:23:04.642 [info] Review+1> No matching pull request metadata found locally for current branch master
2024-03-02 04:23:04.778 [info] Review+0> No matching pull request metadata found locally for current branch master
2024-03-02 04:23:05.389 [info] Review+2> Failed to get upstream for branch main from git config.
2024-03-02 04:23:05.391 [info] Review+2> No matching pull request metadata found on GitHub for current branch main
2024-03-02 04:23:05.574 [info] GlobalState does not exist for assignableUsers.
2024-03-02 04:23:05.664 [info] GlobalState does not exist for assignableUsers.
2024-03-02 04:23:06.802 [info] Review+1> No matching pull request metadata found on GitHub for current branch master
2024-03-02 04:23:07.248 [info] Review+0> No matching pull request metadata found on GitHub for current branch master
2024-03-02 04:23:07.940 [info] Review+0> Validating state...
2024-03-02 04:23:08.096 [info] Found GitHub remote for folder /home/vscode/.oh-my-zsh
2024-03-02 04:23:08.098 [info] Using in-memory cached assignable users.
2024-03-02 04:23:08.820 [info] Review+0> No matching pull request metadata found locally for current branch master
2024-03-02 04:23:11.203 [info] Review+0> No matching pull request metadata found on GitHub for current branch master
