[Client I] GitHub Codespaces version 1.16.11
[Client I] isRunningInWeb: "true"
[Client V] Initializing authentication
[API I] Successfully signed in
[Client:extension:4763 I] initializing
[Client:extension:4763 I] creating LiveShare ConnectionHub
[Client:extension:4763:resolver I] created with protocol "codespaces"
[RemoteExplorer I] Updating codespace performance info
[Client I] Connecting to current codespace: reimagined-goggles-pj7g9pq7xwjghr57p
[Command:Connect I] Decorator starting: ErrorNotification
[Command:Connect I] Decorator starting: Telemetry
[Client I] Jupyter API registered? false
[API:retries-left-2 I] making GET request for "https://api.github.com/user/codespaces/reimagined-goggles-pj7g9pq7xwjghr57p"
[RemoteExplorer I] Updating codespace performance info
[Client:extension:4763:resolver:resolve:1 I] resolve retry #3
[Command:Connect I] Command [Connect to Codespace]: Connect to Codespace Success (2893ms)
[Command:Connect I] Decorator finishing: Telemetry. Duration: 2ms (0 + 2)
[Client:extension:4763:resolver:resolve:1 I] resolving "codespaces+reimagined-goggles-pj7g9pq7xwjghr57p"
[Client:extension:4763:resolver:resolve:1 I] codespace: "reimagined-goggles-pj7g9pq7xwjghr57p", fetching details
[Command:Connect I] Decorator finishing: ErrorNotification. Duration: 2ms (1 + 1)
[Client:extension:4763:resolver:resolve:1:fetch-codespace-info I] fetching codespace details for "reimagined-goggles-pj7g9pq7xwjghr57p"
[Client:extension:4763:resolver:resolve:1:fetch-codespace-info I] signed in, getting the details
[Client:extension:4763:resolver:resolve:1:fetch-codespace-info I] fetching codespace "reimagined-goggles-pj7g9pq7xwjghr57p" (retries left: 2)
[API:retries-left-2 I] making GET request for "https://api.github.com/user/codespaces/reimagined-goggles-pj7g9pq7xwjghr57p"
[RemoteExplorer I] Updating codespace performance info
[Client:extension:4763:resolver I] successfully fetched codespace details> object #0: {
  "id": 14064725,
  "name": "<36:<redacted>>",
  "environment_id": "8f836c51-f3ab-4384-adc5-d5ae2438bd13",
  "owner": "<undefined:<redacted>>",
  "billable_owner": {
    "login": "Mizuki135",
    "id": 161913535,
    "node_id": "U_kgDOCaaavw",
    "avatar_url": "https://avatars.githubusercontent.com/u/161913535?v=4",
    "gravatar_id": "",
    "url": "https://api.github.com/users/Mizuki135",
    "html_url": "https://github.com/Mizuki135",
    "followers_url": "https://api.github.com/users/Mizuki135/followers",
    "following_url": "https://api.github.com/users/Mizuki135/following{/other_user}",
    "gists_url": "https://api.github.com/users/Mizuki135/gists{/gist_id}",
    "starred_url": "https://api.github.com/users/Mizuki135/starred{/owner}{/repo}",
    "subscriptions_url": "https://api.github.com/users/Mizuki135/subscriptions",
    "organizations_url": "https://api.github.com/users/Mizuki135/orgs",
    "repos_url": "https://api.github.com/users/Mizuki135/repos",
    "events_url": "https://api.github.com/users/Mizuki135/events{/privacy}",
    "received_events_url": "https://api.github.com/users/Mizuki135/received_events",
    "type": "User",
    "site_admin": false
  },
  "repository": {
    "id": 587537775,
    "node_id": "R_kgDOIwUdbw",
    "name": "<22:<redacted>>",
    "full_name": "Progate/path-study-environment",
    "private": false,
    "owner": "<undefined:<redacted>>",
    "html_url": "https://github.com/Progate/path-study-environment",
    "description": null,
    "fork": false,
    "url": "https://api.github.com/repos/Progate/path-study-environment",
    "forks_url": "https://api.github.com/repos/Progate/path-study-environment/forks",
    "keys_url": "https://api.github.com/repos/Progate/path-study-environment/keys{/key_id}",
    "collaborators_url": "https://api.github.com/repos/Progate/path-study-environment/collaborators{/collaborator}",
    "teams_url": "https://api.github.com/repos/Progate/path-study-environment/teams",
    "hooks_url": "https://api.github.com/repos/Progate/path-study-environment/hooks",
    "issue_events_url": "https://api.github.com/repos/Progate/path-study-environment/issues/events{/number}",
    "events_url": "https://api.github.com/repos/Progate/path-study-environment/events",
    "assignees_url": "https://api.github.com/repos/Progate/path-study-environment/assignees{/user}",
    "branches_url": "https://api.github.com/repos/Progate/path-study-environment/branches{/branch}",
    "tags_url": "https://api.github.com/repos/Progate/path-study-environment/tags",
    "blobs_url": "https://api.github.com/repos/Progate/path-study-environment/git/blobs{/sha}",
    "git_tags_url": "https://api.github.com/repos/Progate/path-study-environment/git/tags{/sha}",
    "git_refs_url": "https://api.github.com/repos/Progate/path-study-environment/git/refs{/sha}",
    "trees_url": "https://api.github.com/repos/Progate/path-study-environment/git/trees{/sha}",
    "statuses_url": "https://api.github.com/repos/Progate/path-study-environment/statuses/{sha}",
    "languages_url": "https://api.github.com/repos/Progate/path-study-environment/languages",
    "stargazers_url": "https://api.github.com/repos/Progate/path-study-environment/stargazers",
    "contributors_url": "https://api.github.com/repos/Progate/path-study-environment/contributors",
    "subscribers_url": "https://api.github.com/repos/Progate/path-study-environment/subscribers",
    "subscription_url": "https://api.github.com/repos/Progate/path-study-environment/subscription",
    "commits_url": "https://api.github.com/repos/Progate/path-study-environment/commits{/sha}",
    "git_commits_url": "https://api.github.com/repos/Progate/path-study-environment/git/commits{/sha}",
    "comments_url": "https://api.github.com/repos/Progate/path-study-environment/comments{/number}",
    "issue_comment_url": "https://api.github.com/repos/Progate/path-study-environment/issues/comments{/number}",
    "contents_url": "https://api.github.com/repos/Progate/path-study-environment/contents/{+path}",
    "compare_url": "https://api.github.com/repos/Progate/path-study-environment/compare/{base}...{head}",
    "merges_url": "https://api.github.com/repos/Progate/path-study-environment/merges",
    "archive_url": "https://api.github.com/repos/Progate/path-study-environment/{archive_format}{/ref}",
    "downloads_url": "https://api.github.com/repos/Progate/path-study-environment/downloads",
    "issues_url": "https://api.github.com/repos/Progate/path-study-environment/issues{/number}",
    "pulls_url": "https://api.github.com/repos/Progate/path-study-environment/pulls{/number}",
    "milestones_url": "https://api.github.com/repos/Progate/path-study-environment/milestones{/number}",
    "notifications_url": "https://api.github.com/repos/Progate/path-study-environment/notifications{?since,all,participating}",
    "labels_url": "https://api.github.com/repos/Progate/path-study-environment/labels{/name}",
    "releases_url": "https://api.github.com/repos/Progate/path-study-environment/releases{/id}",
    "deployments_url": "https://api.github.com/repos/Progate/path-study-environment/deployments"
  },
  "machine": {
    "name": "<14:<redacted>>",
    "display_name": "2 cores, 8 GB RAM, 32 GB storage",
    "operating_system": "linux",
    "storage_in_bytes": 34359738368,
    "memory_in_bytes": 8589934592,
    "cpus": 2,
    "prebuild_availability": null
  },
  "prebuild": null,
  "created_at": "2024-03-02T13:18:17+09:00",
  "updated_at": "2024-03-02T15:22:50+09:00",
  "last_used_at": "2024-03-02T15:22:15+09:00",
  "state": "Available",
  "url": "https://api.github.com/user/codespaces/reimagined-goggles-pj7g9pq7xwjghr57p",
  "git_status": {
    "ahead": 0,
    "behind": 0,
    "has_unpushed_changes": false,
    "has_uncommitted_changes": false,
    "ref": "main"
  },
  "location": "SouthEastAsia",
  "idle_timeout_minutes": 30,
  "web_url": "https://reimagined-goggles-pj7g9pq7xwjghr57p.github.dev",
  "machines_url": "https://api.github.com/user/codespaces/reimagined-goggles-pj7g9pq7xwjghr57p/machines",
  "start_url": "https://api.github.com/user/codespaces/reimagined-goggles-pj7g9pq7xwjghr57p/start",
  "stop_url": "https://api.github.com/user/codespaces/reimagined-goggles-pj7g9pq7xwjghr57p/stop",
  "pulls_url": null,
  "recent_folders": [
    "/home/vscode/progate_path/self_introduction_push/self_introduction",
    "/home/vscode"
  ],
  "runtime_constraints": {
    "allowed_port_privacy_settings": [
      "private",
      "public"
    ]
  },
  "connection": {
    "sessionId": "2386616FC14843E38C15D3AFDBF7DE024F7D",
    "sessionPath": "/home/vscode",
    "serviceUri": "https://prod.liveshare.vsengsaas.visualstudio.com/api/v1.2/",
    "relayEndpoint": "sb://vsls-prod-ins-asse-private-relay.servicebus.windows.net/4cd86c3223901d51cada5f9bca983c83d2cc--2cf7f748-e881-455a-af5d-3cc24a8ebd3b",
    "relaySas": "<259:<redacted>>",
    "sessionToken": "<1130:<redacted>>",
    "hostPublicKeys": [
      "AAAAB3NzaC1yc2EAAAADAQABAAABAQCsPX1ytKB6wkzY9nUV27PWIn5ry+vdPYoICmZgBxR2xcD1/Qksv0ivlxuT+joGv9G/s0+FKn4rDxFtPN9kPQOei/0H7QYkr4K9QWZcVkpQcIrrFUppK9KjVPjHGqC2iX5DabSGY0drRO1W6EynRqJEbq991cCVQJJlIZvKgyL8qJwq9LDUzcZxp971wOHagSX8r4Ql9c+vG2Wn6P4+5e7BuEUwuKD8w/q5Fj/k6JO0o+PlabQfVVRo259qmtNZScyuQ7u4B/008RcnTGo6DXArAk1gT3B3Q4romcSYSqT3sq0mWIYwUmnI7Sd2HZ+Y9TiqZuY96YoNMpD0jJ+pvIsv"
    ],
    "tunnelProperties": {
      "tunnelId": "sneaky-river-z01mwhg",
      "clusterId": "asse",
      "domain": "app.github.dev",
      "connectAccessToken": "<390:<redacted>>",
      "managePortsAccessToken": "<397:<redacted>>",
      "serviceUri": "https://global.rel.tunnels.api.visualstudio.com/"
    }
  },
  "container_id": "ca89ba1fa54d3c6809843275bbf710b627976ceb126cf63a0203b094d03b22e5",
  "display_name": "reimagined goggles",
  "devcontainer_path": ".devcontainer/devcontainer.json",
  "pending_operation": false,
  "feature_flags": {
    "developer": false,
    "enableRemoteKernel": true,
    "devTunnelsOptOut": false,
    "devTunnelsDesktopPortForwarding": false,
    "devTunnelsDesktopMainConnection": false,
    "useBasisForMainConnectionsWebClient": false,
    "disableBasisPortSyncWorker": true,
    "detailedActivityMonitor": false,
    "vscodeAccountSwitching": false,
    "enableSmbDiagnosticContinuousMonitoring": false,
    "enableSmbDiagnosticOnAnomalyMonitoring": false,
    "useEarlyWorkbenchWebClient": false,
    "useCoiWebClient": false,
    "remapUserNamespace": false,
    "removeConnectRetriesWebClient": true,
    "storageV2ExhaustiveValidation": false,
    "forcePushShutdownTelemetry": false,
    "storageV2EagerPrefetch": true,
    "Basis": true,
    "Skuheapscaling": true,
    "CacheIde": true,
    "Developer": false,
    "Eap": false
  },
  "retention_period_minutes": 43200,
  "retention_expires_at": null,
  "template": {
    "name": "<22:<redacted>>",
    "language": "",
    "description": null,
    "author": "Progate",
    "icon": null,
    "icon_path": null,
    "repository": {
      "id": 587537775,
      "node_id": "R_kgDOIwUdbw",
      "name": "<22:<redacted>>",
      "full_name": "Progate/path-study-environment",
      "private": false,
      "owner": "<undefined:<redacted>>",
      "html_url": "https://github.com/Progate/path-study-environment",
      "description": null,
      "fork": false,
      "url": "https://api.github.com/repos/Progate/path-study-environment",
      "forks_url": "https://api.github.com/repos/Progate/path-study-environment/forks",
      "keys_url": "https://api.github.com/repos/Progate/path-study-environment/keys{/key_id}",
      "collaborators_url": "https://api.github.com/repos/Progate/path-study-environment/collaborators{/collaborator}",
      "teams_url": "https://api.github.com/repos/Progate/path-study-environment/teams",
      "hooks_url": "https://api.github.com/repos/Progate/path-study-environment/hooks",
      "issue_events_url": "https://api.github.com/repos/Progate/path-study-environment/issues/events{/number}",
      "events_url": "https://api.github.com/repos/Progate/path-study-environment/events",
      "assignees_url": "https://api.github.com/repos/Progate/path-study-environment/assignees{/user}",
      "branches_url": "https://api.github.com/repos/Progate/path-study-environment/branches{/branch}",
      "tags_url": "https://api.github.com/repos/Progate/path-study-environment/tags",
      "blobs_url": "https://api.github.com/repos/Progate/path-study-environment/git/blobs{/sha}",
      "git_tags_url": "https://api.github.com/repos/Progate/path-study-environment/git/tags{/sha}",
      "git_refs_url": "https://api.github.com/repos/Progate/path-study-environment/git/refs{/sha}",
      "trees_url": "https://api.github.com/repos/Progate/path-study-environment/git/trees{/sha}",
      "statuses_url": "https://api.github.com/repos/Progate/path-study-environment/statuses/{sha}",
      "languages_url": "https://api.github.com/repos/Progate/path-study-environment/languages",
      "stargazers_url": "https://api.github.com/repos/Progate/path-study-environment/stargazers",
      "contributors_url": "https://api.github.com/repos/Progate/path-study-environment/contributors",
      "subscribers_url": "https://api.github.com/repos/Progate/path-study-environment/subscribers",
      "subscription_url": "https://api.github.com/repos/Progate/path-study-environment/subscription",
      "commits_url": "https://api.github.com/repos/Progate/path-study-environment/commits{/sha}",
      "git_commits_url": "https://api.github.com/repos/Progate/path-study-environment/git/commits{/sha}",
      "comments_url": "https://api.github.com/repos/Progate/path-study-environment/comments{/number}",
      "issue_comment_url": "https://api.github.com/repos/Progate/path-study-environment/issues/comments{/number}",
      "contents_url": "https://api.github.com/repos/Progate/path-study-environment/contents/{+path}",
      "compare_url": "https://api.github.com/repos/Progate/path-study-environment/compare/{base}...{head}",
      "merges_url": "https://api.github.com/repos/Progate/path-study-environment/merges",
      "archive_url": "https://api.github.com/repos/Progate/path-study-environment/{archive_format}{/ref}",
      "downloads_url": "https://api.github.com/repos/Progate/path-study-environment/downloads",
      "issues_url": "https://api.github.com/repos/Progate/path-study-environment/issues{/number}",
      "pulls_url": "https://api.github.com/repos/Progate/path-study-environment/pulls{/number}",
      "milestones_url": "https://api.github.com/repos/Progate/path-study-environment/milestones{/number}",
      "notifications_url": "https://api.github.com/repos/Progate/path-study-environment/notifications{?since,all,participating}",
      "labels_url": "https://api.github.com/repos/Progate/path-study-environment/labels{/name}",
      "releases_url": "https://api.github.com/repos/Progate/path-study-environment/releases{/id}",
      "deployments_url": "https://api.github.com/repos/Progate/path-study-environment/deployments"
    }
  },
  "publish_url": "https://api.github.com/user/codespaces/reimagined-goggles-pj7g9pq7xwjghr57p/publish"
}
[RemoteExplorer I] Updating codespace performance info
[Client:extension:4763:resolver:resolve:1:check-codespace-state I] codespace reimagined-goggles-pj7g9pq7xwjghr57p (id: 8f836c51-f3ab-4384-adc5-d5ae2438bd13) is in the "Default" state
[Client:extension:4763:resolver:resolve:1:check-codespace-state I] noop
[Client:extension:4763:resolver I] Initializing RPC client
[Client:extension:4763:resolver I] Running in web, using unix socket for communication
[Client:extension:4763:resolver I] Initializing Node-based codespace host service client
[Client:extension:4763:resolver I] Initializing Node-based Jupyter server host service client
[Client:extension:4763:resolver I] Initializing Node-based VS Code server host service client
[Client:extension:4763:resolver:resolve:1:check-codespace-state I] vscode connection options: > object #0: {
  "token": "<1130:<redacted>>",
  "environmentId": "8f836c51-f3ab-4384-adc5-d5ae2438bd13",
  "workspaceId": "2386616FC14843E38C15D3AFDBF7DE024F7D",
  "vsCodeCommit": "8b3775030ed1a69b13e4f4c628c612102e30a681",
  "vsCodeQuality": "stable",
  "extensions": [
    "GitHub.codespaces",
    "GitHub.vscode-pull-request-github"
  ],
  "telemetry": true,
  "liveShareEndpoint": "https://prod.liveshare.vsengsaas.visualstudio.com/api/v1.2/",
  "connectionInfo": {
    "id": "2386616FC14843E38C15D3AFDBF7DE024F7D",
    "relaySas": "<259:<redacted>>",
    "relayLink": "sb://vsls-prod-ins-asse-private-relay.servicebus.windows.net/4cd86c3223901d51cada5f9bca983c83d2cc--2cf7f748-e881-455a-af5d-3cc24a8ebd3b",
    "sessionToken": "<1130:<redacted>>",
    "hostPublicKeys": [
      "AAAAB3NzaC1yc2EAAAADAQABAAABAQCsPX1ytKB6wkzY9nUV27PWIn5ry+vdPYoICmZgBxR2xcD1/Qksv0ivlxuT+joGv9G/s0+FKn4rDxFtPN9kPQOei/0H7QYkr4K9QWZcVkpQcIrrFUppK9KjVPjHGqC2iX5DabSGY0drRO1W6EynRqJEbq991cCVQJJlIZvKgyL8qJwq9LDUzcZxp971wOHagSX8r4Ql9c+vG2Wn6P4+5e7BuEUwuKD8w/q5Fj/k6JO0o+PlabQfVVRo259qmtNZScyuQ7u4B/008RcnTGo6DXArAk1gT3B3Q4romcSYSqT3sq0mWIYwUmnI7Sd2HZ+Y9TiqZuY96YoNMpD0jJ+pvIsv"
    ],
    "tunnelProperties": {
      "tunnelId": "sneaky-river-z01mwhg",
      "clusterId": "asse",
      "domain": "app.github.dev",
      "connectAccessToken": "<390:<redacted>>",
      "managePortsAccessToken": "<397:<redacted>>",
      "serviceUri": "https://global.rel.tunnels.api.visualstudio.com/"
    }
  }
}
[RemoteExplorer I] Updating codespace details
[Client:extension:4763:resolver:resolve:1 I] requested to connect> object #0: {
  "token": "<1130:<redacted>>",
  "environmentId": "8f836c51-f3ab-4384-adc5-d5ae2438bd13",
  "workspaceId": "2386616FC14843E38C15D3AFDBF7DE024F7D",
  "vsCodeCommit": "8b3775030ed1a69b13e4f4c628c612102e30a681",
  "vsCodeQuality": "stable",
  "extensions": [
    "GitHub.codespaces",
    "GitHub.vscode-pull-request-github"
  ],
  "telemetry": true,
  "liveShareEndpoint": "https://prod.liveshare.vsengsaas.visualstudio.com/api/v1.2/",
  "connectionInfo": {
    "id": "2386616FC14843E38C15D3AFDBF7DE024F7D",
    "relaySas": "<259:<redacted>>",
    "relayLink": "sb://vsls-prod-ins-asse-private-relay.servicebus.windows.net/4cd86c3223901d51cada5f9bca983c83d2cc--2cf7f748-e881-455a-af5d-3cc24a8ebd3b",
    "sessionToken": "<1130:<redacted>>",
    "hostPublicKeys": [
      "AAAAB3NzaC1yc2EAAAADAQABAAABAQCsPX1ytKB6wkzY9nUV27PWIn5ry+vdPYoICmZgBxR2xcD1/Qksv0ivlxuT+joGv9G/s0+FKn4rDxFtPN9kPQOei/0H7QYkr4K9QWZcVkpQcIrrFUppK9KjVPjHGqC2iX5DabSGY0drRO1W6EynRqJEbq991cCVQJJlIZvKgyL8qJwq9LDUzcZxp971wOHagSX8r4Ql9c+vG2Wn6P4+5e7BuEUwuKD8w/q5Fj/k6JO0o+PlabQfVVRo259qmtNZScyuQ7u4B/008RcnTGo6DXArAk1gT3B3Q4romcSYSqT3sq0mWIYwUmnI7Sd2HZ+Y9TiqZuY96YoNMpD0jJ+pvIsv"
    ],
    "tunnelProperties": {
      "tunnelId": "sneaky-river-z01mwhg",
      "clusterId": "asse",
      "domain": "app.github.dev",
      "connectAccessToken": "<390:<redacted>>",
      "managePortsAccessToken": "<397:<redacted>>",
      "serviceUri": "https://global.rel.tunnels.api.visualstudio.com/"
    }
  },
  "clientId": "336d4cfacb20b47a"
}
> object #1: [object Object]
[Client:extension:4763:resolver:resolve:1:2386616FC14843E38C15D3AFDBF7DE024F7D_8f836c51-f3ab-4384-adc5-d5ae2438bd13_stable_8b3775030ed1a69b13e4f4c628c612102e30a681 I] connection record: false
[Client:extension:4763:resolver:resolve:1:2386616FC14843E38C15D3AFDBF7DE024F7D_8f836c51-f3ab-4384-adc5-d5ae2438bd13_stable_8b3775030ed1a69b13e4f4c628c612102e30a681 I] creating new connection
[Client:extension:4763:vscode V] creating connection without a timeout
[Client:extension:4763:vscode I] creating connection> object #0: [object Object]
[Client:extension:4763:resolver:resolve:1:connection:2386616FC14843E38C15D3AFDBF7DE024F7D_8f836c51-f3ab-4384-adc5-d5ae2438bd13_stable_8b3775030ed1a69b13e4f4c628c612102e30a681:vscode V] subscribing to onDispose event
[Client:extension:4763:resolver:resolve:1:connection:2386616FC14843E38C15D3AFDBF7DE024F7D_8f836c51-f3ab-4384-adc5-d5ae2438bd13_stable_8b3775030ed1a69b13e4f4c628c612102e30a681:vscode I] asked to connect
[Client:extension:4763:resolver:resolve:1:connection:2386616FC14843E38C15D3AFDBF7DE024F7D_8f836c51-f3ab-4384-adc5-d5ae2438bd13_stable_8b3775030ed1a69b13e4f4c628c612102e30a681:vscode I] creating new connection
[Client:extension:4763:resolver:resolve:1:connection:2386616FC14843E38C15D3AFDBF7DE024F7D_8f836c51-f3ab-4384-adc5-d5ae2438bd13_stable_8b3775030ed1a69b13e4f4c628c612102e30a681:vscode I] creating connection
[Client:extension:4763:resolver:resolve:1:connection:2386616FC14843E38C15D3AFDBF7DE024F7D_8f836c51-f3ab-4384-adc5-d5ae2438bd13_stable_8b3775030ed1a69b13e4f4c628c612102e30a681:vscode I] connection status changed: none -> connecting, error:> object #0: undefined
[Client:extension:4763:resolver:resolve:1:connection:2386616FC14843E38C15D3AFDBF7DE024F7D_8f836c51-f3ab-4384-adc5-d5ae2438bd13_stable_8b3775030ed1a69b13e4f4c628c612102e30a681:vscode I] firing change event: > object #0: {
  "status": "connecting",
  "previousStatus": "none"
}
[Client:extension:4763:vscode:onConnectionChanged:2386616FC14843E38C15D3AFDBF7DE024F7D_8f836c51-f3ab-4384-adc5-d5ae2438bd13_stable_8b3775030ed1a69b13e4f4c628c612102e30a681 I] none -> connecting
[Client:extension:4763:resolver:resolve:1:connection:2386616FC14843E38C15D3AFDBF7DE024F7D_8f836c51-f3ab-4384-adc5-d5ae2438bd13_stable_8b3775030ed1a69b13e4f4c628c612102e30a681:vscode I] get LS connection
[Client:extension:4763:liveshare-joint I] requested to connect once> object #0: {
  "token": "<1130:<redacted>>",
  "environmentId": "8f836c51-f3ab-4384-adc5-d5ae2438bd13",
  "workspaceId": "2386616FC14843E38C15D3AFDBF7DE024F7D",
  "vsCodeCommit": "8b3775030ed1a69b13e4f4c628c612102e30a681",
  "vsCodeQuality": "stable",
  "extensions": [
    "GitHub.codespaces",
    "GitHub.vscode-pull-request-github"
  ],
  "telemetry": true,
  "liveShareEndpoint": "https://prod.liveshare.vsengsaas.visualstudio.com/api/v1.2/",
  "connectionInfo": {
    "id": "2386616FC14843E38C15D3AFDBF7DE024F7D",
    "relaySas": "<259:<redacted>>",
    "relayLink": "sb://vsls-prod-ins-asse-private-relay.servicebus.windows.net/4cd86c3223901d51cada5f9bca983c83d2cc--2cf7f748-e881-455a-af5d-3cc24a8ebd3b",
    "sessionToken": "<1130:<redacted>>",
    "hostPublicKeys": [
      "AAAAB3NzaC1yc2EAAAADAQABAAABAQCsPX1ytKB6wkzY9nUV27PWIn5ry+vdPYoICmZgBxR2xcD1/Qksv0ivlxuT+joGv9G/s0+FKn4rDxFtPN9kPQOei/0H7QYkr4K9QWZcVkpQcIrrFUppK9KjVPjHGqC2iX5DabSGY0drRO1W6EynRqJEbq991cCVQJJlIZvKgyL8qJwq9LDUzcZxp971wOHagSX8r4Ql9c+vG2Wn6P4+5e7BuEUwuKD8w/q5Fj/k6JO0o+PlabQfVVRo259qmtNZScyuQ7u4B/008RcnTGo6DXArAk1gT3B3Q4romcSYSqT3sq0mWIYwUmnI7Sd2HZ+Y9TiqZuY96YoNMpD0jJ+pvIsv"
    ],
    "tunnelProperties": {
      "tunnelId": "sneaky-river-z01mwhg",
      "clusterId": "asse",
      "domain": "app.github.dev",
      "connectAccessToken": "<390:<redacted>>",
      "managePortsAccessToken": "<397:<redacted>>",
      "serviceUri": "https://global.rel.tunnels.api.visualstudio.com/"
    }
  },
  "clientId": "336d4cfacb20b47a"
}
> object #1: [object Object]
[Client:extension:4763:liveshare-joint I] requested to connect> object #0: {
  "token": "<1130:<redacted>>",
  "environmentId": "8f836c51-f3ab-4384-adc5-d5ae2438bd13",
  "workspaceId": "2386616FC14843E38C15D3AFDBF7DE024F7D",
  "vsCodeCommit": "8b3775030ed1a69b13e4f4c628c612102e30a681",
  "vsCodeQuality": "stable",
  "extensions": [
    "GitHub.codespaces",
    "GitHub.vscode-pull-request-github"
  ],
  "telemetry": true,
  "liveShareEndpoint": "https://prod.liveshare.vsengsaas.visualstudio.com/api/v1.2/",
  "connectionInfo": {
    "id": "2386616FC14843E38C15D3AFDBF7DE024F7D",
    "relaySas": "<259:<redacted>>",
    "relayLink": "sb://vsls-prod-ins-asse-private-relay.servicebus.windows.net/4cd86c3223901d51cada5f9bca983c83d2cc--2cf7f748-e881-455a-af5d-3cc24a8ebd3b",
    "sessionToken": "<1130:<redacted>>",
    "hostPublicKeys": [
      "AAAAB3NzaC1yc2EAAAADAQABAAABAQCsPX1ytKB6wkzY9nUV27PWIn5ry+vdPYoICmZgBxR2xcD1/Qksv0ivlxuT+joGv9G/s0+FKn4rDxFtPN9kPQOei/0H7QYkr4K9QWZcVkpQcIrrFUppK9KjVPjHGqC2iX5DabSGY0drRO1W6EynRqJEbq991cCVQJJlIZvKgyL8qJwq9LDUzcZxp971wOHagSX8r4Ql9c+vG2Wn6P4+5e7BuEUwuKD8w/q5Fj/k6JO0o+PlabQfVVRo259qmtNZScyuQ7u4B/008RcnTGo6DXArAk1gT3B3Q4romcSYSqT3sq0mWIYwUmnI7Sd2HZ+Y9TiqZuY96YoNMpD0jJ+pvIsv"
    ],
    "tunnelProperties": {
      "tunnelId": "sneaky-river-z01mwhg",
      "clusterId": "asse",
      "domain": "app.github.dev",
      "connectAccessToken": "<390:<redacted>>",
      "managePortsAccessToken": "<397:<redacted>>",
      "serviceUri": "https://global.rel.tunnels.api.visualstudio.com/"
    }
  },
  "clientId": "336d4cfacb20b47a"
}
> object #1: [object Object]
[Client:extension:4763:liveshare-joint:2386616FC14843E38C15D3AFDBF7DE024F7D I] connection record: false
[Client:extension:4763:liveshare-joint:2386616FC14843E38C15D3AFDBF7DE024F7D I] creating new connection
[Client:extension:4763:liveshare-joint V] creating connection without a timeout
[Client:extension:4763:liveshare-joint I] creating connection> object #0: [object Object]
[Client:extension:4763:liveshare-joint:connection:2386616FC14843E38C15D3AFDBF7DE024F7D:liveshare-joint:liveshare V] subscribing to onDispose event
[Client:extension:4763:liveshare-joint:connection:2386616FC14843E38C15D3AFDBF7DE024F7D:liveshare-joint:liveshare I] asked to connect
[Client:extension:4763:liveshare-joint:connection:2386616FC14843E38C15D3AFDBF7DE024F7D:liveshare-joint:liveshare I] creating new connection
[Client:extension:4763:liveshare-joint:connection:2386616FC14843E38C15D3AFDBF7DE024F7D:liveshare-joint:liveshare I] creating connection
[Client:extension:4763:liveshare-joint:connection:2386616FC14843E38C15D3AFDBF7DE024F7D:liveshare-joint:liveshare I] connection status changed: none -> connecting, error:> object #0: undefined
[Client:extension:4763:liveshare-joint:connection:2386616FC14843E38C15D3AFDBF7DE024F7D:liveshare-joint:liveshare I] firing change event: > object #0: {
  "status": "connecting",
  "previousStatus": "none"
}
[Client:extension:4763:liveshare-joint:onConnectionChanged:2386616FC14843E38C15D3AFDBF7DE024F7D I] none -> connecting
[Client:extension:4763:liveshare I] requested to connect once> object #0: {
  "token": "<1130:<redacted>>",
  "environmentId": "8f836c51-f3ab-4384-adc5-d5ae2438bd13",
  "workspaceId": "2386616FC14843E38C15D3AFDBF7DE024F7D",
  "vsCodeCommit": "8b3775030ed1a69b13e4f4c628c612102e30a681",
  "vsCodeQuality": "stable",
  "extensions": [
    "GitHub.codespaces",
    "GitHub.vscode-pull-request-github"
  ],
  "telemetry": true,
  "liveShareEndpoint": "https://prod.liveshare.vsengsaas.visualstudio.com/api/v1.2/",
  "connectionInfo": {
    "id": "2386616FC14843E38C15D3AFDBF7DE024F7D",
    "relaySas": "<259:<redacted>>",
    "relayLink": "sb://vsls-prod-ins-asse-private-relay.servicebus.windows.net/4cd86c3223901d51cada5f9bca983c83d2cc--2cf7f748-e881-455a-af5d-3cc24a8ebd3b",
    "sessionToken": "<1130:<redacted>>",
    "hostPublicKeys": [
      "AAAAB3NzaC1yc2EAAAADAQABAAABAQCsPX1ytKB6wkzY9nUV27PWIn5ry+vdPYoICmZgBxR2xcD1/Qksv0ivlxuT+joGv9G/s0+FKn4rDxFtPN9kPQOei/0H7QYkr4K9QWZcVkpQcIrrFUppK9KjVPjHGqC2iX5DabSGY0drRO1W6EynRqJEbq991cCVQJJlIZvKgyL8qJwq9LDUzcZxp971wOHagSX8r4Ql9c+vG2Wn6P4+5e7BuEUwuKD8w/q5Fj/k6JO0o+PlabQfVVRo259qmtNZScyuQ7u4B/008RcnTGo6DXArAk1gT3B3Q4romcSYSqT3sq0mWIYwUmnI7Sd2HZ+Y9TiqZuY96YoNMpD0jJ+pvIsv"
    ],
    "tunnelProperties": {
      "tunnelId": "sneaky-river-z01mwhg",
      "clusterId": "asse",
      "domain": "app.github.dev",
      "connectAccessToken": "<390:<redacted>>",
      "managePortsAccessToken": "<397:<redacted>>",
      "serviceUri": "https://global.rel.tunnels.api.visualstudio.com/"
    }
  },
  "clientId": "336d4cfacb20b47a"
}
> object #1: [object Object]
[Client:extension:4763:liveshare I] requested to connect> object #0: {
  "token": "<1130:<redacted>>",
  "environmentId": "8f836c51-f3ab-4384-adc5-d5ae2438bd13",
  "workspaceId": "2386616FC14843E38C15D3AFDBF7DE024F7D",
  "vsCodeCommit": "8b3775030ed1a69b13e4f4c628c612102e30a681",
  "vsCodeQuality": "stable",
  "extensions": [
    "GitHub.codespaces",
    "GitHub.vscode-pull-request-github"
  ],
  "telemetry": true,
  "liveShareEndpoint": "https://prod.liveshare.vsengsaas.visualstudio.com/api/v1.2/",
  "connectionInfo": {
    "id": "2386616FC14843E38C15D3AFDBF7DE024F7D",
    "relaySas": "<259:<redacted>>",
    "relayLink": "sb://vsls-prod-ins-asse-private-relay.servicebus.windows.net/4cd86c3223901d51cada5f9bca983c83d2cc--2cf7f748-e881-455a-af5d-3cc24a8ebd3b",
    "sessionToken": "<1130:<redacted>>",
    "hostPublicKeys": [
      "AAAAB3NzaC1yc2EAAAADAQABAAABAQCsPX1ytKB6wkzY9nUV27PWIn5ry+vdPYoICmZgBxR2xcD1/Qksv0ivlxuT+joGv9G/s0+FKn4rDxFtPN9kPQOei/0H7QYkr4K9QWZcVkpQcIrrFUppK9KjVPjHGqC2iX5DabSGY0drRO1W6EynRqJEbq991cCVQJJlIZvKgyL8qJwq9LDUzcZxp971wOHagSX8r4Ql9c+vG2Wn6P4+5e7BuEUwuKD8w/q5Fj/k6JO0o+PlabQfVVRo259qmtNZScyuQ7u4B/008RcnTGo6DXArAk1gT3B3Q4romcSYSqT3sq0mWIYwUmnI7Sd2HZ+Y9TiqZuY96YoNMpD0jJ+pvIsv"
    ],
    "tunnelProperties": {
      "tunnelId": "sneaky-river-z01mwhg",
      "clusterId": "asse",
      "domain": "app.github.dev",
      "connectAccessToken": "<390:<redacted>>",
      "managePortsAccessToken": "<397:<redacted>>",
      "serviceUri": "https://global.rel.tunnels.api.visualstudio.com/"
    }
  },
  "clientId": "336d4cfacb20b47a"
}
> object #1: [object Object]
[Client:extension:4763:liveshare:2386616FC14843E38C15D3AFDBF7DE024F7D I] connection record: false
[Client:extension:4763:liveshare:2386616FC14843E38C15D3AFDBF7DE024F7D I] creating new connection
[Client:extension:4763:liveshare V] creating connection without a timeout
[Client:extension:4763:liveshare I] creating connection> object #0: [object Object]
[Client:extension:4763:liveshare:connection:2386616FC14843E38C15D3AFDBF7DE024F7D:liveshare V] subscribing to onDispose event
[Client:extension:4763:liveshare:connection:2386616FC14843E38C15D3AFDBF7DE024F7D:liveshare I] asked to connect
[Client:extension:4763:liveshare:connection:2386616FC14843E38C15D3AFDBF7DE024F7D:liveshare I] creating new connection
[Client:extension:4763:liveshare:connection:2386616FC14843E38C15D3AFDBF7DE024F7D:liveshare I] creating connection
[Client:extension:4763:liveshare:connection:2386616FC14843E38C15D3AFDBF7DE024F7D:liveshare I] connection status changed: none -> connecting, error:> object #0: undefined
[Client:extension:4763:liveshare:connection:2386616FC14843E38C15D3AFDBF7DE024F7D:liveshare I] firing change event: > object #0: {
  "status": "connecting",
  "previousStatus": "none"
}
[Client:extension:4763:liveshare:onConnectionChanged:2386616FC14843E38C15D3AFDBF7DE024F7D I] none -> connecting
[Client:extension:4763:liveshare:connection:2386616FC14843E38C15D3AFDBF7DE024F7D:liveshare I] creating workspace client> object #0: {
  "token": "<1130:<redacted>>",
  "environmentId": "8f836c51-f3ab-4384-adc5-d5ae2438bd13",
  "workspaceId": "2386616FC14843E38C15D3AFDBF7DE024F7D",
  "vsCodeCommit": "8b3775030ed1a69b13e4f4c628c612102e30a681",
  "vsCodeQuality": "stable",
  "extensions": [
    "GitHub.codespaces",
    "GitHub.vscode-pull-request-github"
  ],
  "telemetry": true,
  "liveShareEndpoint": "https://prod.liveshare.vsengsaas.visualstudio.com/api/v1.2/",
  "connectionInfo": {
    "id": "2386616FC14843E38C15D3AFDBF7DE024F7D",
    "relaySas": "<259:<redacted>>",
    "relayLink": "sb://vsls-prod-ins-asse-private-relay.servicebus.windows.net/4cd86c3223901d51cada5f9bca983c83d2cc--2cf7f748-e881-455a-af5d-3cc24a8ebd3b",
    "sessionToken": "<1130:<redacted>>",
    "hostPublicKeys": [
      "AAAAB3NzaC1yc2EAAAADAQABAAABAQCsPX1ytKB6wkzY9nUV27PWIn5ry+vdPYoICmZgBxR2xcD1/Qksv0ivlxuT+joGv9G/s0+FKn4rDxFtPN9kPQOei/0H7QYkr4K9QWZcVkpQcIrrFUppK9KjVPjHGqC2iX5DabSGY0drRO1W6EynRqJEbq991cCVQJJlIZvKgyL8qJwq9LDUzcZxp971wOHagSX8r4Ql9c+vG2Wn6P4+5e7BuEUwuKD8w/q5Fj/k6JO0o+PlabQfVVRo259qmtNZScyuQ7u4B/008RcnTGo6DXArAk1gT3B3Q4romcSYSqT3sq0mWIYwUmnI7Sd2HZ+Y9TiqZuY96YoNMpD0jJ+pvIsv"
    ],
    "tunnelProperties": {
      "tunnelId": "sneaky-river-z01mwhg",
      "clusterId": "asse",
      "domain": "app.github.dev",
      "connectAccessToken": "<390:<redacted>>",
      "managePortsAccessToken": "<397:<redacted>>",
      "serviceUri": "https://global.rel.tunnels.api.visualstudio.com/"
    }
  },
  "clientId": "336d4cfacb20b47a"
}
[Client:extension:4763:liveshare:connection:2386616FC14843E38C15D3AFDBF7DE024F7D:liveshare:WorkspaceClient V] connecting to relay link:sb://vsls-prod-ins-asse-private-relay.servicebus.windows.net/4cd86c3223901d51cada5f9bca983c83d2cc--2cf7f748-e881-455a-af5d-3cc24a8ebd3b
[Client:extension:4763:liveshare:connection:2386616FC14843E38C15D3AFDBF7DE024F7D:liveshare:WorkspaceClient V] creating node SSH...
[Client:extension:4763:liveshare:connection:2386616FC14843E38C15D3AFDBF7DE024F7D:liveshare:WorkspaceClient V] authenticating...
[Client:extension:4763:liveshare:connection:2386616FC14843E38C15D3AFDBF7DE024F7D:liveshare:WorkspaceClient I] SshClientSession connecting...
[Client:extension:4763:liveshare:connection:2386616FC14843E38C15D3AFDBF7DE024F7D:liveshare:WorkspaceClient V] Sending #0 KeyExchangeInitMessage
[Client:extension:4763:liveshare:connection:2386616FC14843E38C15D3AFDBF7DE024F7D:liveshare:WorkspaceClient I] Local version: SSH-2.0-dev-tunnels-ssh_3.11.36, remote version: SSH-2.0-Microsoft.VisualStudio.Ssh_3.4
[Client:extension:4763:liveshare:connection:2386616FC14843E38C15D3AFDBF7DE024F7D:liveshare:WorkspaceClient V] Receiving #0 KeyExchangeInitMessage
[Client:extension:4763:liveshare:connection:2386616FC14843E38C15D3AFDBF7DE024F7D:liveshare:WorkspaceClient I] KeyExchange negotiation: Server (ecdh-sha2-nistp384, ecdh-sha2-nistp256, diffie-hellman-group16-sha512, diffie-hellman-group14-sha256, ext-info-s) Client (ecdh-sha2-nistp384, ecdh-sha2-nistp256, diffie-hellman-group14-sha256) => ecdh-sha2-nistp384
[Client:extension:4763:liveshare:connection:2386616FC14843E38C15D3AFDBF7DE024F7D:liveshare:WorkspaceClient I] PublicKey negotiation: Server (rsa-sha2-512, rsa-sha2-256) Client (rsa-sha2-512, rsa-sha2-256, ecdsa-sha2-nistp384, ecdsa-sha2-nistp256) => rsa-sha2-512
[Client:extension:4763:liveshare:connection:2386616FC14843E38C15D3AFDBF7DE024F7D:liveshare:WorkspaceClient I] ClientEncryption negotiation: Server (aes256-gcm@openssh.com, aes256-cbc, aes256-ctr) Client (aes256-gcm@openssh.com, aes256-ctr) => aes256-gcm@openssh.com
[Client:extension:4763:liveshare:connection:2386616FC14843E38C15D3AFDBF7DE024F7D:liveshare:WorkspaceClient I] ServerEncryption negotiation: Server (aes256-gcm@openssh.com, aes256-cbc, aes256-ctr) Client (aes256-gcm@openssh.com, aes256-ctr) => aes256-gcm@openssh.com
[Client:extension:4763:liveshare:connection:2386616FC14843E38C15D3AFDBF7DE024F7D:liveshare:WorkspaceClient I] ClientHmac negotiation: Server (hmac-sha2-512-etm@openssh.com, hmac-sha2-256-etm@openssh.com, hmac-sha2-512, hmac-sha2-256) Client (hmac-sha2-512-etm@openssh.com, hmac-sha2-256-etm@openssh.com, hmac-sha2-512, hmac-sha2-256) => hmac-sha2-512-etm@openssh.com
[Client:extension:4763:liveshare:connection:2386616FC14843E38C15D3AFDBF7DE024F7D:liveshare:WorkspaceClient I] ServerHmac negotiation: Server (hmac-sha2-512-etm@openssh.com, hmac-sha2-256-etm@openssh.com, hmac-sha2-512, hmac-sha2-256) Client (hmac-sha2-512-etm@openssh.com, hmac-sha2-256-etm@openssh.com, hmac-sha2-512, hmac-sha2-256) => hmac-sha2-512-etm@openssh.com
[Client:extension:4763:liveshare:connection:2386616FC14843E38C15D3AFDBF7DE024F7D:liveshare:WorkspaceClient I] ClientCompression negotiation: Server (none) Client (none) => none
[Client:extension:4763:liveshare:connection:2386616FC14843E38C15D3AFDBF7DE024F7D:liveshare:WorkspaceClient I] ServerCompression negotiation: Server (none) Client (none) => none
[Client:extension:4763:liveshare:connection:2386616FC14843E38C15D3AFDBF7DE024F7D:liveshare:WorkspaceClient V] Sending #1 KeyExchangeDhInitMessage
[Client:extension:4763:liveshare:connection:2386616FC14843E38C15D3AFDBF7DE024F7D:liveshare:WorkspaceClient V] Receiving #1 KeyExchangeDhReplyMessage
[Client:extension:4763:liveshare:connection:2386616FC14843E38C15D3AFDBF7DE024F7D:liveshare:WorkspaceClient V] Server public key verification succeeded.
[Client:extension:4763:liveshare:connection:2386616FC14843E38C15D3AFDBF7DE024F7D:liveshare:WorkspaceClient V] Sending #2 NewKeysMessage
[Client:extension:4763:liveshare:connection:2386616FC14843E38C15D3AFDBF7DE024F7D:liveshare:WorkspaceClient V] Receiving #2 NewKeysMessage
[Client:extension:4763:liveshare:connection:2386616FC14843E38C15D3AFDBF7DE024F7D:liveshare:WorkspaceClient V] Sending #3 ExtensionInfoMessage (server-sig-algs=rsa-sha2-512,rsa-sha2-256,ecdsa-sha2-nistp384,ecdsa-sha2-nistp256; open-channel-request@microsoft.com; session-reconnect@microsoft.com; session-latency@microsoft.com)
[Client:extension:4763:liveshare:connection:2386616FC14843E38C15D3AFDBF7DE024F7D:liveshare:WorkspaceClient I] SshClientSession encrypted.
[Client:extension:4763:liveshare:connection:2386616FC14843E38C15D3AFDBF7DE024F7D:liveshare:WorkspaceClient I] SshClientSession Authenticating([ssh-rsa])
[Client:extension:4763:liveshare:connection:2386616FC14843E38C15D3AFDBF7DE024F7D:liveshare:WorkspaceClient I] SshClientSession server authenticated.
[Client:extension:4763:liveshare:connection:2386616FC14843E38C15D3AFDBF7DE024F7D:liveshare:WorkspaceClient V] Sending #4 ServiceRequestMessage
[Client:extension:4763:liveshare:connection:2386616FC14843E38C15D3AFDBF7DE024F7D:liveshare:WorkspaceClient V] Sending #5 PasswordRequestMessage (Method: password, Username: )
[perf V] name:Creating the ssh workspace session duration:121.56875700131059
[Client:extension:4763:liveshare:connection:2386616FC14843E38C15D3AFDBF7DE024F7D:liveshare:WorkspaceClient:SshWorkspaceSession V] subscribing to onDispose event
[Client:extension:4763:liveshare:connection:2386616FC14843E38C15D3AFDBF7DE024F7D:liveshare:WorkspaceClient I] join started
[Client:extension:4763:liveshare:connection:2386616FC14843E38C15D3AFDBF7DE024F7D:liveshare:WorkspaceClient V] Sending #6 ChannelOpenMessage(channelType=session, senderChannel=1)
[Client:extension:4763:liveshare:connection:2386616FC14843E38C15D3AFDBF7DE024F7D:liveshare:WorkspaceClient V] Sending #7 SessionChannelRequestMessage (requestType=initial-channel-request@microsoft.com)
[Client:extension:4763:liveshare:connection:2386616FC14843E38C15D3AFDBF7DE024F7D:liveshare:WorkspaceClient V] Receiving #3 ExtensionInfoMessage (open-channel-request@microsoft.com; server-sig-algs=rsa-sha2-512,rsa-sha2-256,ecdsa-sha2-nistp384,ecdsa-sha2-nistp256; session-latency@microsoft.com; session-reconnect@microsoft.com)
[Client:extension:4763:liveshare:connection:2386616FC14843E38C15D3AFDBF7DE024F7D:liveshare:WorkspaceClient V] Sending #8 SessionRequestMessage (requestType=enable-session-reconnect@microsoft.com)
[Client:extension:4763:liveshare:connection:2386616FC14843E38C15D3AFDBF7DE024F7D:liveshare:WorkspaceClient V] Receiving #4 SessionRequestMessage (requestType=enable-session-reconnect@microsoft.com)
[Client:extension:4763:liveshare:connection:2386616FC14843E38C15D3AFDBF7DE024F7D:liveshare:WorkspaceClient V] Receiving #5 ServiceAcceptMessage
[Client:extension:4763:liveshare:connection:2386616FC14843E38C15D3AFDBF7DE024F7D:liveshare:WorkspaceClient V] Receiving #6 AuthenticationSuccessMessage
[Client:extension:4763:liveshare:connection:2386616FC14843E38C15D3AFDBF7DE024F7D:liveshare:WorkspaceClient I] SshClientSession client authenticated.
[perf V] name:Ssh auth completion duration:673.1395149994642
[Client:extension:4763:liveshare:connection:2386616FC14843E38C15D3AFDBF7DE024F7D:liveshare:WorkspaceClient V] Receiving #7 ChannelOpenConfirmationMessage (recipientChannel=1)(senderChannel=0)
[Client:extension:4763:liveshare:connection:2386616FC14843E38C15D3AFDBF7DE024F7D:liveshare:WorkspaceClient V] Receiving #8 SessionRequestSuccessMessage
[Client:extension:4763:liveshare:connection:2386616FC14843E38C15D3AFDBF7DE024F7D:liveshare:WorkspaceClient V] < version.exchangeVersions()
[Client:extension:4763:liveshare:connection:2386616FC14843E38C15D3AFDBF7DE024F7D:liveshare:WorkspaceClient V] > version.exchangeVersions() succeeded t:18.0
[Client:extension:4763:liveshare:connection:2386616FC14843E38C15D3AFDBF7DE024F7D:liveshare:WorkspaceClient I] Host version: {"version":"1.0.5571.49914","protocolVersion":"2.2","platformName":"Linux 6.2.0","platformVersion":"6.2.0.1019"}
[Client:extension:4763:liveshare:connection:2386616FC14843E38C15D3AFDBF7DE024F7D:liveshare:WorkspaceClient V] < workspace.joinWorkspace()
[Client:extension:4763:liveshare:connection:2386616FC14843E38C15D3AFDBF7DE024F7D:liveshare:WorkspaceClient V] > workspace.joinWorkspace() succeeded t:8.0
[Client:extension:4763:liveshare:connection:2386616FC14843E38C15D3AFDBF7DE024F7D:liveshare:WorkspaceClient I] joinWorkspace -> session:14 conversation:2cf7f748-e881-455a-af5d-3cc24a8ebd3b join messages count:2
[perf V] name:Joining the workspace duration:717.5991120003164
[Client:extension:4763:liveshare:connection:2386616FC14843E38C15D3AFDBF7DE024F7D:liveshare:WorkspaceClient I] join completed
[Client:extension:4763:liveshare:connection:2386616FC14843E38C15D3AFDBF7DE024F7D:liveshare:WorkspaceClient:1 I] Start checking connection timeout:5000
[Client:extension:4763:liveshare:connection:2386616FC14843E38C15D3AFDBF7DE024F7D:liveshare:WorkspaceClient V] subscribing to onDispose event
[perf V] name:join LiveShare session duration:842.4129920005798
[Client:extension:4763:liveshare:connection:2386616FC14843E38C15D3AFDBF7DE024F7D:liveshare V] setWorkspaceSessionInfo> object #0: {
  "sessionNumber": 14,
  "conversationId": "2cf7f748-e881-455a-af5d-3cc24a8ebd3b",
  "connectionMode": "local",
  "sessions": {
    "1": {
      "id": "vm_af464bcf-b349-4c6e-a050-09a74e68d1da",
      "email": "<null>",
      "userName": "<null>",
      "provider": "vscs",
      "avatarUri": "",
      "isOwner": true,
      "isHost": true,
      "clientCapabilities": {
        "extensionReadOnlySupport": true,
        "clientReadOnlySupport": true,
        "emptyWorkspaceOpenFolderSupport": true,
        "persistentRootSupport": true
      }
    },
    "8": {
      "id": "398a6654-997b-47e9-b12b-9515b896b4de_161913535",
      "name": "<9:<redacted>>",
      "email": "<redacted>",
      "userName": "<9:<redacted>>",
      "provider": "github",
      "avatarUri": "",
      "isOwner": true,
      "clientCapabilities": {}
    },
    "9": {
      "id": "398a6654-997b-47e9-b12b-9515b896b4de_161913535",
      "name": "<9:<redacted>>",
      "email": "<redacted>",
      "userName": "<9:<redacted>>",
      "provider": "github",
      "avatarUri": "",
      "isOwner": true,
      "clientCapabilities": {}
    },
    "12": {
      "id": "398a6654-997b-47e9-b12b-9515b896b4de_161913535",
      "name": "<9:<redacted>>",
      "email": "<redacted>",
      "userName": "<9:<redacted>>",
      "provider": "github",
      "avatarUri": "",
      "isOwner": true,
      "clientCapabilities": {}
    },
    "13": {
      "id": "398a6654-997b-47e9-b12b-9515b896b4de_161913535",
      "name": "<9:<redacted>>",
      "email": "<redacted>",
      "userName": "<9:<redacted>>",
      "provider": "github",
      "avatarUri": "",
      "isOwner": true,
      "clientCapabilities": {}
    },
    "14": {
      "id": "398a6654-997b-47e9-b12b-9515b896b4de_161913535",
      "name": "<9:<redacted>>",
      "email": "<redacted>",
      "userName": "<9:<redacted>>",
      "provider": "github",
      "avatarUri": "",
      "isOwner": true,
      "clientCapabilities": {}
    }
  },
  "accessControl": {
    "defaultAccessControl": {},
    "userAccessControl": {}
  },
  "isPresentation": false,
  "allowPortForwardingExternalConnections": false,
  "rootFullPaths": [
    "/~0"
  ],
  "serviceNames": null,
  "id": "4CD86C3223901D51CADA5F9BCA983C83D2CC",
  "name": "<9:<redacted>>",
  "joinUri": "https://prod.liveshare.vsengsaas.visualstudio.com/join?4CD86C3223901D51CADA5F9BCA983C83D2CC",
  "ownerId": "398a6654-997b-47e9-b12b-9515b896b4de_161913535",
  "expiresAt": "2024-04-01T02:06:27.4505419Z"
}
[Client:extension:4763:liveshare:connection:2386616FC14843E38C15D3AFDBF7DE024F7D:liveshare I] ownerId: "398a6654-997b-47e9-b12b-9515b896b4de_161913535"
[Client:extension:4763:liveshare:connection:2386616FC14843E38C15D3AFDBF7DE024F7D:liveshare I] LS session joined and authenticated
[Client:extension:4763:liveshare:connection:2386616FC14843E38C15D3AFDBF7DE024F7D:liveshare:WorkspaceClient I] Creating proxy for workspace service
[Client:extension:4763:liveshare:connection:2386616FC14843E38C15D3AFDBF7DE024F7D:liveshare I] connection status changed: connecting -> connected, error:> object #0: undefined
[Client:extension:4763:liveshare:connection:2386616FC14843E38C15D3AFDBF7DE024F7D:liveshare I] firing change event: > object #0: {
  "status": "connected",
  "previousStatus": "connecting"
}
[Client:extension:4763:liveshare:onConnectionChanged:2386616FC14843E38C15D3AFDBF7DE024F7D I] connecting -> connected
[Client:extension:4763:liveshare:connection:2386616FC14843E38C15D3AFDBF7DE024F7D:liveshare I] 🔌 connected
[Client:extension:4763:liveshare:connection-record V] subscribing to onDispose event
[Client:extension:4763:liveshare-joint:connection:2386616FC14843E38C15D3AFDBF7DE024F7D:liveshare-joint:liveshare V] subscribing to onDispose event
[Client:extension:4763:liveshare:connection:2386616FC14843E38C15D3AFDBF7DE024F7D:liveshare V] subscribing to onDispose event
[Client:extension:4763:liveshare-joint:connection:2386616FC14843E38C15D3AFDBF7DE024F7D:liveshare-joint:liveshare I] connection status changed: connecting -> connected, error:> object #0: undefined
[Client:extension:4763:liveshare-joint:connection:2386616FC14843E38C15D3AFDBF7DE024F7D:liveshare-joint:liveshare I] firing change event: > object #0: {
  "status": "connected",
  "previousStatus": "connecting"
}
[Client:extension:4763:liveshare-joint:onConnectionChanged:2386616FC14843E38C15D3AFDBF7DE024F7D I] connecting -> connected
[Client:extension:4763:liveshare-joint:connection:2386616FC14843E38C15D3AFDBF7DE024F7D:liveshare-joint:liveshare I] 🔌 connected
[Client:extension:4763:liveshare-joint:connection-record V] subscribing to onDispose event
[Client:extension:4763:resolver:resolve:1:connection:2386616FC14843E38C15D3AFDBF7DE024F7D_8f836c51-f3ab-4384-adc5-d5ae2438bd13_stable_8b3775030ed1a69b13e4f4c628c612102e30a681:vscode V] subscribing to onDispose event
[Client:extension:4763:liveshare-joint:connection:2386616FC14843E38C15D3AFDBF7DE024F7D:liveshare-joint:liveshare V] subscribing to onDispose event
[Client:extension:4763:liveshare:connection:2386616FC14843E38C15D3AFDBF7DE024F7D:liveshare:WorkspaceClient I] Creating proxy for serverSharing service
[Client:extension:4763:liveshare:connection:2386616FC14843E38C15D3AFDBF7DE024F7D:liveshare:WorkspaceClient I] Creating proxy for IVSCodeServerHostService service
[Client:extension:4763:liveshare:connection:2386616FC14843E38C15D3AFDBF7DE024F7D:liveshare:WorkspaceClient I] Creating proxy for ICodespaceHostService service
[Client:extension:4763:resolver:resolve:1:connection:2386616FC14843E38C15D3AFDBF7DE024F7D_8f836c51-f3ab-4384-adc5-d5ae2438bd13_stable_8b3775030ed1a69b13e4f4c628c612102e30a681:vscode I] starting vscode server..> object #0: {
  "token": "<1130:<redacted>>",
  "environmentId": "8f836c51-f3ab-4384-adc5-d5ae2438bd13",
  "workspaceId": "2386616FC14843E38C15D3AFDBF7DE024F7D",
  "vsCodeCommit": "8b3775030ed1a69b13e4f4c628c612102e30a681",
  "vsCodeQuality": "stable",
  "extensions": [
    "GitHub.codespaces",
    "GitHub.vscode-pull-request-github"
  ],
  "telemetry": true,
  "liveShareEndpoint": "https://prod.liveshare.vsengsaas.visualstudio.com/api/v1.2/",
  "connectionInfo": {
    "id": "2386616FC14843E38C15D3AFDBF7DE024F7D",
    "relaySas": "<259:<redacted>>",
    "relayLink": "sb://vsls-prod-ins-asse-private-relay.servicebus.windows.net/4cd86c3223901d51cada5f9bca983c83d2cc--2cf7f748-e881-455a-af5d-3cc24a8ebd3b",
    "sessionToken": "<1130:<redacted>>",
    "hostPublicKeys": [
      "AAAAB3NzaC1yc2EAAAADAQABAAABAQCsPX1ytKB6wkzY9nUV27PWIn5ry+vdPYoICmZgBxR2xcD1/Qksv0ivlxuT+joGv9G/s0+FKn4rDxFtPN9kPQOei/0H7QYkr4K9QWZcVkpQcIrrFUppK9KjVPjHGqC2iX5DabSGY0drRO1W6EynRqJEbq991cCVQJJlIZvKgyL8qJwq9LDUzcZxp971wOHagSX8r4Ql9c+vG2Wn6P4+5e7BuEUwuKD8w/q5Fj/k6JO0o+PlabQfVVRo259qmtNZScyuQ7u4B/008RcnTGo6DXArAk1gT3B3Q4romcSYSqT3sq0mWIYwUmnI7Sd2HZ+Y9TiqZuY96YoNMpD0jJ+pvIsv"
    ],
    "tunnelProperties": {
      "tunnelId": "sneaky-river-z01mwhg",
      "clusterId": "asse",
      "domain": "app.github.dev",
      "connectAccessToken": "<390:<redacted>>",
      "managePortsAccessToken": "<397:<redacted>>",
      "serviceUri": "https://global.rel.tunnels.api.visualstudio.com/"
    }
  },
  "clientId": "336d4cfacb20b47a"
}
[Client:extension:4763:liveshare:connection:2386616FC14843E38C15D3AFDBF7DE024F7D:liveshare:WorkspaceClient V] > workspace.servicesChanged: 
[Client:extension:4763:liveshare:connection:2386616FC14843E38C15D3AFDBF7DE024F7D:liveshare:WorkspaceClient V] > workspace.progressUpdated: 
[Client:extension:4763:resolver:resolve:1:connection:2386616FC14843E38C15D3AFDBF7DE024F7D_8f836c51-f3ab-4384-adc5-d5ae2438bd13_stable_8b3775030ed1a69b13e4f4c628c612102e30a681:vscode I] Executed start-remote-server using gRPC
[Client:extension:4763:resolver:resolve:1:connection:2386616FC14843E38C15D3AFDBF7DE024F7D_8f836c51-f3ab-4384-adc5-d5ae2438bd13_stable_8b3775030ed1a69b13e4f4c628c612102e30a681:vscode I] vscode started, forwarding the server port
[Client:extension:4763:resolver:resolve:1:connection:2386616FC14843E38C15D3AFDBF7DE024F7D_8f836c51-f3ab-4384-adc5-d5ae2438bd13_stable_8b3775030ed1a69b13e4f4c628c612102e30a681:vscode I] the server port forwarded, port number is 46669
[Client:extension:4763:resolver:resolve:1:connection:2386616FC14843E38C15D3AFDBF7DE024F7D_8f836c51-f3ab-4384-adc5-d5ae2438bd13_stable_8b3775030ed1a69b13e4f4c628c612102e30a681:vscode I] vscode server startup complete
[perf V] name:start vscode server duration:1047.7625780012459
[Client:extension:4763:resolver:resolve:1:connection:2386616FC14843E38C15D3AFDBF7DE024F7D_8f836c51-f3ab-4384-adc5-d5ae2438bd13_stable_8b3775030ed1a69b13e4f4c628c612102e30a681:vscode I] forwarding the VSCode Server port "46669".
[Client:extension:4763:liveshare:connection:2386616FC14843E38C15D3AFDBF7DE024F7D:liveshare:WorkspaceClient V] < serverSharing.startSharing()
[Client:extension:4763:liveshare:connection:2386616FC14843E38C15D3AFDBF7DE024F7D:liveshare:WorkspaceClient V] > serverSharing.sharingSucceeded: 
[Client:extension:4763:liveshare:connection:2386616FC14843E38C15D3AFDBF7DE024F7D:liveshare:WorkspaceClient V] > serverSharing.startSharing() succeeded t:8.0
[perf V] name:share vscode server TCP port duration:8.847163999453187
[Client:extension:4763:resolver:resolve:1:connection:2386616FC14843E38C15D3AFDBF7DE024F7D_8f836c51-f3ab-4384-adc5-d5ae2438bd13_stable_8b3775030ed1a69b13e4f4c628c612102e30a681:vscode I] VSCode Server port "46669" forwarded.
[Client:extension:4763:liveshare:connection:2386616FC14843E38C15D3AFDBF7DE024F7D:liveshare:WorkspaceClient I] Creating proxy for streamManager service
[Client:extension:4763:resolver:resolve:1:connection:2386616FC14843E38C15D3AFDBF7DE024F7D_8f836c51-f3ab-4384-adc5-d5ae2438bd13_stable_8b3775030ed1a69b13e4f4c628c612102e30a681:vscode I] connection status changed: connecting -> connected, error:> object #0: undefined
[Client:extension:4763:resolver:resolve:1:connection:2386616FC14843E38C15D3AFDBF7DE024F7D_8f836c51-f3ab-4384-adc5-d5ae2438bd13_stable_8b3775030ed1a69b13e4f4c628c612102e30a681:vscode I] firing change event: > object #0: {
  "status": "connected",
  "previousStatus": "connecting"
}
[Client:extension:4763:vscode:onConnectionChanged:2386616FC14843E38C15D3AFDBF7DE024F7D_8f836c51-f3ab-4384-adc5-d5ae2438bd13_stable_8b3775030ed1a69b13e4f4c628c612102e30a681 I] connecting -> connected
[Client:extension:4763:resolver:resolve:1:connection:2386616FC14843E38C15D3AFDBF7DE024F7D_8f836c51-f3ab-4384-adc5-d5ae2438bd13_stable_8b3775030ed1a69b13e4f4c628c612102e30a681:vscode I] 🔌 connected
[Client:extension:4763:vscode:connection-record V] subscribing to onDispose event
[Client:extension:4763:liveshare:connection:2386616FC14843E38C15D3AFDBF7DE024F7D:liveshare:WorkspaceClient V] < streamManager.getStream()
[Client:extension:4763:liveshare:connection:2386616FC14843E38C15D3AFDBF7DE024F7D:liveshare:WorkspaceClient V] < streamManager.getStream()
[Client:extension:4763:resolver:resolve:1:connection:2386616FC14843E38C15D3AFDBF7DE024F7D_8f836c51-f3ab-4384-adc5-d5ae2438bd13_stable_8b3775030ed1a69b13e4f4c628c612102e30a681:vscode V] subscribing to onDispose event
[Client:extension:4763:resolver:port-forwarder:tunnel-manager V] tunneling the connection> object #0: [object Object]
[Client:extension:4763:resolver:port-forwarder:tunnel-manager V] Tunneling vscode server port> object #0: false
[Client:extension:4763:resolver:resolve:1:connection:2386616FC14843E38C15D3AFDBF7DE024F7D_8f836c51-f3ab-4384-adc5-d5ae2438bd13_stable_8b3775030ed1a69b13e4f4c628c612102e30a681:vscode V] subscribing to onDispose event
[Client:extension:4763:resolver:port-forwarder:tunnel-manager V] reviving tunnels
[Client:extension:4763:resolver:port-forwarder:tunnel-manager V] reviving tunnels
[Client:extension:4763:liveshare:connection:2386616FC14843E38C15D3AFDBF7DE024F7D:liveshare:WorkspaceClient V] < serverSharing.getSharedServers()
[Client:extension:4763:liveshare:connection:2386616FC14843E38C15D3AFDBF7DE024F7D:liveshare:WorkspaceClient V] > streamManager.getStream() succeeded t:19.0
[perf V] name:get stream Id duration:21.84841100126505
[Client:extension:4763:liveshare:connection:2386616FC14843E38C15D3AFDBF7DE024F7D:liveshare:WorkspaceClient I] openStreamingChannel -> streamId:ServerSharing_28
[Client:extension:4763:liveshare:connection:2386616FC14843E38C15D3AFDBF7DE024F7D:liveshare:WorkspaceClient V] Sending #15 ChannelOpenMessage(channelType=session, senderChannel=2)
[Client:extension:4763:liveshare:connection:2386616FC14843E38C15D3AFDBF7DE024F7D:liveshare:WorkspaceClient V] > serverSharing.getSharedServers() succeeded t:17.0
[Client:extension:4763:resolver:resolve:1:connection:2386616FC14843E38C15D3AFDBF7DE024F7D_8f836c51-f3ab-4384-adc5-d5ae2438bd13_stable_8b3775030ed1a69b13e4f4c628c612102e30a681:vscode V] got shared servers list> object #0: [
  "CodespacesInternal:16634:private:true:false",
  "CodespacesInternal_web:16635:private:true:false",
  "Port: 3000:3000:private:false:false",
  "Port: 8000:8000:private:false:false",
  "VSCodeServerInternal:46669:private:true:false"
]
[Client:extension:4763:resolver:port-forwarder:tunnel-manager I] skipping Codespaces internal tunnel> object #0: #16634
[Client:extension:4763:resolver:port-forwarder:tunnel-manager I] skipping Codespaces internal tunnel> object #0: #16635
[Client:extension:4763:resolver:port-forwarder:tunnel-manager I] skipping vscode server tunnel> object #0: #46669
[Client:extension:4763:resolver:port-forwarder:tunnel-manager V] tunnels revived
[Client:extension:4763:resolver:port-forwarder:tunnel-manager V] init server sharing event listeners
[Client:extension:4763:resolver:resolve:1 I] vscode server remote port: "46669", local port: "undefined"}
[Client V] connect duration: 3942 ms
[BrowserConnectorService V] Initializing BrowserConnectorService using connection> object #0: [object Object]
[Client:extension:4763:liveshare:connection:2386616FC14843E38C15D3AFDBF7DE024F7D:liveshare:WorkspaceClient I] Creating proxy for sourceEvent service
[BrowserConnectorService V] BrowserConnectorService.sendMessage: {"initialized":true,"message":"codespaces:browser-connector-service-initialized","payload":"<probably pii>"}
[Client:extension:4763:resolver:resolve:1 I] Progress: Done
[Client:extension:4763:resolver I] Subscribed to event stream
[Client:extension:4763:resolver:resolve:1:background-tasks I] launching background configuration tasks
[Client:extension:4763:resolver:resolve:1:background-tasks:post-attach-command-manager I] PostAttachCommandManager: addEnvironmentConfiguredEventCallback()
[Client:extension:4763:resolver:resolve:1:background-tasks:post-attach-command-manager V] subscribing to onDispose event
[Client:extension:4763:resolver:resolve:1:background-tasks I] no max idle timeout notice
[Client:extension:4763:resolver:resolve:1:background-tasks V] checking correctness of the codespace session path> object #0: [
  {
    "uri": {
      "$mid": 1,
      "fsPath": "/home/vscode/progate_path/self_introduction_pull_request/self_introduction",
      "external": "file:///home/vscode/progate_path/self_introduction_pull_request/self_introduction",
      "path": "/home/vscode/progate_path/self_introduction_pull_request/self_introduction",
      "scheme": "file"
    },
    "name": "<17:<redacted>>",
    "index": 0
  }
]
[Client:extension:4763:resolver:resolve:1:background-tasks I] session path correction - progressType: "0"
[Client:extension:4763:resolver:resolve:1:background-tasks I] starting activity monitor, isRunningInWeb: "true"
[Client:extension:4763:resolver:resolve:1:background-tasks:activity-monitor:vscode-activity-provider I] isRunningInWeb: true
[Client:extension:4763:resolver:resolve:1:background-tasks:activity-monitor:vscode-activity-provider I] starting activity monitor
[Client:extension:4763:resolver:resolve:1:background-tasks:activity-monitor:vscode-activity-provider V] sending activity heartbeat
[Client:extension:4763:liveshare:connection:2386616FC14843E38C15D3AFDBF7DE024F7D:liveshare:WorkspaceClient I] Creating proxy for IEnvironmentConfigurationService service
[Client:extension:4763:liveshare:connection:2386616FC14843E38C15D3AFDBF7DE024F7D:liveshare:WorkspaceClient V] < sourceEvent.fireEvent()
[Client:extension:4763:resolver:port-forwarder:tunnel-manager I] asking vscode to open the tunnel> object #0: #3000
> object #1: "127.0.0.1"
[Client:extension:4763:resolver:port-forwarder:tunnel-manager I] asking vscode to open the tunnel> object #0: #8000
> object #1: "127.0.0.1"
[Client:extension:4763:liveshare:connection:2386616FC14843E38C15D3AFDBF7DE024F7D:liveshare:WorkspaceClient V] Receiving #15 ChannelOpenConfirmationMessage (recipientChannel=2)(senderChannel=1)
[Client:extension:4763:liveshare:connection:2386616FC14843E38C15D3AFDBF7DE024F7D:liveshare:WorkspaceClient V] Sending #17 ChannelRequestMessage (recipientChannel=1)
[Client:extension:4763:liveshare:connection:2386616FC14843E38C15D3AFDBF7DE024F7D:liveshare:WorkspaceClient V] > streamManager.getStream() succeeded t:98.0
[perf V] name:get stream Id duration:101.16788300126791
[Client:extension:4763:liveshare:connection:2386616FC14843E38C15D3AFDBF7DE024F7D:liveshare:WorkspaceClient I] openStreamingChannel -> streamId:ServerSharing_29
[Client:extension:4763:liveshare:connection:2386616FC14843E38C15D3AFDBF7DE024F7D:liveshare:WorkspaceClient V] Sending #18 ChannelOpenMessage(channelType=session, senderChannel=3)
[Client:extension:4763:liveshare:connection:2386616FC14843E38C15D3AFDBF7DE024F7D:liveshare:WorkspaceClient V] > sourceEvent.event: 
[Client:extension:4763:liveshare:connection:2386616FC14843E38C15D3AFDBF7DE024F7D:liveshare:WorkspaceClient V] Receiving #18 ChannelOpenConfirmationMessage (recipientChannel=3)(senderChannel=2)
[Client:extension:4763:liveshare:connection:2386616FC14843E38C15D3AFDBF7DE024F7D:liveshare:WorkspaceClient V] Sending #19 ChannelRequestMessage (recipientChannel=2)
[Client:extension:4763:liveshare:connection:2386616FC14843E38C15D3AFDBF7DE024F7D:liveshare:WorkspaceClient V] > sourceEvent.fireEvent() succeeded t:57.0
[Client:extension:4763:resolver I] Received event: Subscribed
[Client:extension:4763:resolver I] Client e0ddbaab-c952-44ea-b7a8-80f99ea22ec4 subscribed to event stream
[Client:extension:4763:resolver I] Received event: CreationLogUpdated
[Client:extension:4763:resolver I] Event payload: {"text":"Finding image...","type":"inProgress","isStreamingLogs":false}
[Client:extension:4763:resolver I] Received event: CreationLogUpdated
[Client:extension:4763:resolver I] Event payload: {"text":"Image found.","type":"succeeded","isStreamingLogs":false}
[Client:extension:4763:resolver I] Received event: CreationLogUpdated
[Client:extension:4763:resolver I] Event payload: {"text":"Building container...","type":"inProgress","isStreamingLogs":true}
[Client:extension:4763:resolver I] Received event: CreationLogUpdated
[Client:extension:4763:resolver I] Event payload: {"text":"Container built.","type":"succeeded","isStreamingLogs":false}
[Client:extension:4763:resolver I] Received event: EnvironmentConfigured
[Client:extension:4763:resolver:resolve:1:background-tasks:post-attach-command-manager I] PostAttachCommandManager: handleEnvironmentConfiguredEvent()
[Client:extension:4763:resolver:resolve:1:background-tasks I] GetRemotePid: Echoing $PPID to /tmp/codespace_pids/.pid-2e8e22ae-b2f5-4c64-a768-246d4ce03c75...
[Client:extension:4763:resolver:resolve:1:background-tasks I] GetRemotePid: Start polling for existance of PID file at file:///tmp/codespace_pids/.pid-2e8e22ae-b2f5-4c64-a768-246d4ce03c75 took 2 ms...
[Client:extension:4763:resolver:resolve:1:background-tasks I] Executed is-recovery-container using gRPC
[Client:extension:4763:resolver:resolve:1:background-tasks V] not in recovery container
[Client:extension:4763:resolver:resolve:1:background-tasks I] Executed get-container-persisted-folder using gRPC
[Client:extension:4763:resolver:resolve:1:background-tasks V] container folder path: "/workspaces/.codespaces/.persistedshare"
[Client:extension:4763:resolver:resolve:1:background-tasks V] shared folder path: "/workspaces/.codespaces/shared/postCreateOutput.json"
[Client:extension:4763:resolver:resolve:1:background-tasks V] shared file path: "/workspaces/.codespaces/shared/postCreateOutput.json"
[Client:extension:4763:resolver:resolve:1:background-tasks:activity-monitor:vscode-activity-provider I] Executed notify-codespace-of-client-activity using gRPC
[Client:extension:4763:resolver:resolve:1:background-tasks:activity-monitor:vscode-activity-provider I] Activity signal sent with result true
[Client:extension:4763:resolver:resolve:1:background-tasks I] Executed configure-environment using gRPC
[ResourceUsage I] Executed get-container-persisted-folder using gRPC
[ResourceUsage V] container folder path: "/workspaces/.codespaces/.persistedshare"
[ResourceUsage V] shared folder path: "/workspaces/.codespaces/shared/resource-usage.json"
[ResourceUsage V] shared file path: "/workspaces/.codespaces/shared/resource-usage.json"
[ResourceUsage I] Starting monitor
[ResourceUsage I] Checking if the codespace connection exists
[Performance I] Executed get-container-persisted-folder using gRPC
[Client:extension:4763:liveshare:connection:2386616FC14843E38C15D3AFDBF7DE024F7D:liveshare:WorkspaceClient V] > sourceEvent.event: 
[Client:extension:4763:resolver:port-forwarder:tunnel-manager I] vscode to open the tunnel completed> object #0: #3000
> object #1: "127.0.0.1"
[Client:extension:4763:resolver:port-forwarder:tunnel-manager I] vscode to open the tunnel completed> object #0: #8000
> object #1: "127.0.0.1"
[Client:extension:4763:resolver:resolve:1:background-tasks:openDefaultFiles I] Skipping openFiles in the web because it is handled by the embedder
[Performance I] Starting monitor
[Performance I] Checking if the codespace connection exists
[RemoteExplorer I] Updating codespace performance info
[RemoteExplorer I] Updating codespace details
[Client:extension:4763:resolver:resolve:1:background-tasks:post-attach-command-manager I] PostAttachCommandManager: commandsKey: codespaces.1146.runningPostAttachCommands
[Client:extension:4763:resolver:resolve:1:background-tasks:post-attach-command-manager I] PostAttachCommandManager: Running /bin/bash ~/environment/.devcontainer/postAttachCommand.sh in terminal Codespaces: /bin/bash ~/environment/.devcontainer/postAttachCommand.sh
[Client:extension:4763:resolver:resolve:1:background-tasks:post-attach-command-manager I] PostAttachCommandManager: Added Codespaces: /bin/bash ~/environment/.devcontainer/postAttachCommand.sh to codespaces.1146.runningPostAttachCommands
[Client:extension:4763:liveshare:connection:2386616FC14843E38C15D3AFDBF7DE024F7D:liveshare:WorkspaceClient:1 V] checkConnectionWithTimeout -> 'started'
[Client:extension:4763:liveshare:connection:2386616FC14843E38C15D3AFDBF7DE024F7D:liveshare:WorkspaceClient V] checking ssh connection
[Client:extension:4763:liveshare:connection:2386616FC14843E38C15D3AFDBF7DE024F7D:liveshare:WorkspaceClient V] Sending #20 SessionRequestMessage (requestType=ping-check-connection)
[Client:extension:4763:liveshare:connection:2386616FC14843E38C15D3AFDBF7DE024F7D:liveshare:WorkspaceClient V] Receiving #20 SessionRequestFailureMessage
[Client:extension:4763:liveshare:connection:2386616FC14843E38C15D3AFDBF7DE024F7D:liveshare:WorkspaceClient:1 V] checkConnectionWithTimeout -> 'succeeded' t:5.0
[Client:extension:4763:liveshare:connection:2386616FC14843E38C15D3AFDBF7DE024F7D:liveshare:WorkspaceClient:1 V] checkConnectionWithTimeout -> 'started'
[Client:extension:4763:liveshare:connection:2386616FC14843E38C15D3AFDBF7DE024F7D:liveshare:WorkspaceClient V] checking ssh connection
[Client:extension:4763:liveshare:connection:2386616FC14843E38C15D3AFDBF7DE024F7D:liveshare:WorkspaceClient V] Sending #21 SessionRequestMessage (requestType=ping-check-connection)
[Client:extension:4763:liveshare:connection:2386616FC14843E38C15D3AFDBF7DE024F7D:liveshare:WorkspaceClient V] Receiving #21 SessionRequestFailureMessage
[Client:extension:4763:liveshare:connection:2386616FC14843E38C15D3AFDBF7DE024F7D:liveshare:WorkspaceClient:1 V] checkConnectionWithTimeout -> 'succeeded' t:5.0
[Client:extension:4763:liveshare:connection:2386616FC14843E38C15D3AFDBF7DE024F7D:liveshare:WorkspaceClient:1 V] checkConnectionWithTimeout -> 'started'
[Client:extension:4763:liveshare:connection:2386616FC14843E38C15D3AFDBF7DE024F7D:liveshare:WorkspaceClient V] checking ssh connection
[Client:extension:4763:liveshare:connection:2386616FC14843E38C15D3AFDBF7DE024F7D:liveshare:WorkspaceClient V] Sending #22 SessionRequestMessage (requestType=ping-check-connection)
[Client:extension:4763:liveshare:connection:2386616FC14843E38C15D3AFDBF7DE024F7D:liveshare:WorkspaceClient V] Receiving #22 SessionRequestFailureMessage
[Client:extension:4763:liveshare:connection:2386616FC14843E38C15D3AFDBF7DE024F7D:liveshare:WorkspaceClient:1 V] checkConnectionWithTimeout -> 'succeeded' t:5.0
[Client:extension:4763:liveshare:connection:2386616FC14843E38C15D3AFDBF7DE024F7D:liveshare:WorkspaceClient:1 V] checkConnectionWithTimeout -> 'started'
[Client:extension:4763:liveshare:connection:2386616FC14843E38C15D3AFDBF7DE024F7D:liveshare:WorkspaceClient V] checking ssh connection
[Client:extension:4763:liveshare:connection:2386616FC14843E38C15D3AFDBF7DE024F7D:liveshare:WorkspaceClient V] Sending #23 SessionRequestMessage (requestType=ping-check-connection)
[Client:extension:4763:liveshare:connection:2386616FC14843E38C15D3AFDBF7DE024F7D:liveshare:WorkspaceClient V] Receiving #24 SessionRequestFailureMessage
[Client:extension:4763:liveshare:connection:2386616FC14843E38C15D3AFDBF7DE024F7D:liveshare:WorkspaceClient:1 V] checkConnectionWithTimeout -> 'succeeded' t:4.0
[Client:extension:4763:liveshare:connection:2386616FC14843E38C15D3AFDBF7DE024F7D:liveshare:WorkspaceClient:1 V] checkConnectionWithTimeout -> 'started'
[Client:extension:4763:liveshare:connection:2386616FC14843E38C15D3AFDBF7DE024F7D:liveshare:WorkspaceClient V] checking ssh connection
[Client:extension:4763:liveshare:connection:2386616FC14843E38C15D3AFDBF7DE024F7D:liveshare:WorkspaceClient V] Sending #24 SessionRequestMessage (requestType=ping-check-connection)
[Client:extension:4763:liveshare:connection:2386616FC14843E38C15D3AFDBF7DE024F7D:liveshare:WorkspaceClient V] Receiving #25 SessionRequestFailureMessage
[Client:extension:4763:liveshare:connection:2386616FC14843E38C15D3AFDBF7DE024F7D:liveshare:WorkspaceClient:1 V] checkConnectionWithTimeout -> 'succeeded' t:5.0
[Performance I] Executed get-performance-data using gRPC
[Client:extension:4763:liveshare:connection:2386616FC14843E38C15D3AFDBF7DE024F7D:liveshare:WorkspaceClient:1 V] checkConnectionWithTimeout -> 'started'
[Client:extension:4763:liveshare:connection:2386616FC14843E38C15D3AFDBF7DE024F7D:liveshare:WorkspaceClient V] checking ssh connection
[Client:extension:4763:liveshare:connection:2386616FC14843E38C15D3AFDBF7DE024F7D:liveshare:WorkspaceClient V] Sending #25 SessionRequestMessage (requestType=ping-check-connection)
[Client:extension:4763:liveshare:connection:2386616FC14843E38C15D3AFDBF7DE024F7D:liveshare:WorkspaceClient V] Receiving #26 SessionRequestFailureMessage
[Client:extension:4763:liveshare:connection:2386616FC14843E38C15D3AFDBF7DE024F7D:liveshare:WorkspaceClient:1 V] checkConnectionWithTimeout -> 'succeeded' t:4.0
[Client:extension:4763:liveshare:connection:2386616FC14843E38C15D3AFDBF7DE024F7D:liveshare:WorkspaceClient:1 V] checkConnectionWithTimeout -> 'started'
[Client:extension:4763:liveshare:connection:2386616FC14843E38C15D3AFDBF7DE024F7D:liveshare:WorkspaceClient V] checking ssh connection
[Client:extension:4763:liveshare:connection:2386616FC14843E38C15D3AFDBF7DE024F7D:liveshare:WorkspaceClient V] Sending #26 SessionRequestMessage (requestType=ping-check-connection)
[Client:extension:4763:liveshare:connection:2386616FC14843E38C15D3AFDBF7DE024F7D:liveshare:WorkspaceClient V] Receiving #28 SessionRequestFailureMessage
[Client:extension:4763:liveshare:connection:2386616FC14843E38C15D3AFDBF7DE024F7D:liveshare:WorkspaceClient:1 V] checkConnectionWithTimeout -> 'succeeded' t:4.0
[Client:extension:4763:liveshare:connection:2386616FC14843E38C15D3AFDBF7DE024F7D:liveshare:WorkspaceClient:1 V] checkConnectionWithTimeout -> 'started'
[Client:extension:4763:liveshare:connection:2386616FC14843E38C15D3AFDBF7DE024F7D:liveshare:WorkspaceClient V] checking ssh connection
[Client:extension:4763:liveshare:connection:2386616FC14843E38C15D3AFDBF7DE024F7D:liveshare:WorkspaceClient V] Sending #27 SessionRequestMessage (requestType=ping-check-connection)
[Client:extension:4763:liveshare:connection:2386616FC14843E38C15D3AFDBF7DE024F7D:liveshare:WorkspaceClient V] Receiving #29 SessionRequestFailureMessage
[Client:extension:4763:liveshare:connection:2386616FC14843E38C15D3AFDBF7DE024F7D:liveshare:WorkspaceClient:1 V] checkConnectionWithTimeout -> 'succeeded' t:5.0
[Client:extension:4763:liveshare:connection:2386616FC14843E38C15D3AFDBF7DE024F7D:liveshare:WorkspaceClient:1 V] checkConnectionWithTimeout -> 'started'
[Client:extension:4763:liveshare:connection:2386616FC14843E38C15D3AFDBF7DE024F7D:liveshare:WorkspaceClient V] checking ssh connection
[Client:extension:4763:liveshare:connection:2386616FC14843E38C15D3AFDBF7DE024F7D:liveshare:WorkspaceClient V] Sending #28 SessionRequestMessage (requestType=ping-check-connection)
[Client:extension:4763:liveshare:connection:2386616FC14843E38C15D3AFDBF7DE024F7D:liveshare:WorkspaceClient V] Receiving #30 SessionRequestFailureMessage
[Client:extension:4763:liveshare:connection:2386616FC14843E38C15D3AFDBF7DE024F7D:liveshare:WorkspaceClient:1 V] checkConnectionWithTimeout -> 'succeeded' t:5.0
[Performance I] Executed get-performance-data using gRPC
[Client:extension:4763:resolver:resolve:1:background-tasks:activity-monitor:vscode-activity-provider V] sending activity heartbeat
[Client:extension:4763:resolver:resolve:1:background-tasks:activity-monitor:vscode-activity-provider I] Executed notify-codespace-of-client-activity using gRPC
[Client:extension:4763:resolver:resolve:1:background-tasks:activity-monitor:vscode-activity-provider I] Activity signal sent with result true
[Client:extension:4763:liveshare:connection:2386616FC14843E38C15D3AFDBF7DE024F7D:liveshare:WorkspaceClient:1 V] checkConnectionWithTimeout -> 'started'
[Client:extension:4763:liveshare:connection:2386616FC14843E38C15D3AFDBF7DE024F7D:liveshare:WorkspaceClient V] checking ssh connection
[Client:extension:4763:liveshare:connection:2386616FC14843E38C15D3AFDBF7DE024F7D:liveshare:WorkspaceClient V] Sending #29 SessionRequestMessage (requestType=ping-check-connection)
[Client:extension:4763:liveshare:connection:2386616FC14843E38C15D3AFDBF7DE024F7D:liveshare:WorkspaceClient V] Receiving #32 SessionRequestFailureMessage
[Client:extension:4763:liveshare:connection:2386616FC14843E38C15D3AFDBF7DE024F7D:liveshare:WorkspaceClient:1 V] checkConnectionWithTimeout -> 'succeeded' t:6.0
[Client:extension:4763:liveshare:connection:2386616FC14843E38C15D3AFDBF7DE024F7D:liveshare:WorkspaceClient:1 V] checkConnectionWithTimeout -> 'started'
[Client:extension:4763:liveshare:connection:2386616FC14843E38C15D3AFDBF7DE024F7D:liveshare:WorkspaceClient V] checking ssh connection
[Client:extension:4763:liveshare:connection:2386616FC14843E38C15D3AFDBF7DE024F7D:liveshare:WorkspaceClient V] Sending #30 SessionRequestMessage (requestType=ping-check-connection)
[Client:extension:4763:liveshare:connection:2386616FC14843E38C15D3AFDBF7DE024F7D:liveshare:WorkspaceClient V] Receiving #33 SessionRequestFailureMessage
[Client:extension:4763:liveshare:connection:2386616FC14843E38C15D3AFDBF7DE024F7D:liveshare:WorkspaceClient:1 V] checkConnectionWithTimeout -> 'succeeded' t:5.0
[Client:extension:4763:liveshare:connection:2386616FC14843E38C15D3AFDBF7DE024F7D:liveshare:WorkspaceClient:1 V] checkConnectionWithTimeout -> 'started'
[Client:extension:4763:liveshare:connection:2386616FC14843E38C15D3AFDBF7DE024F7D:liveshare:WorkspaceClient V] checking ssh connection
[Client:extension:4763:liveshare:connection:2386616FC14843E38C15D3AFDBF7DE024F7D:liveshare:WorkspaceClient V] Sending #31 SessionRequestMessage (requestType=ping-check-connection)
[Client:extension:4763:liveshare:connection:2386616FC14843E38C15D3AFDBF7DE024F7D:liveshare:WorkspaceClient V] Receiving #34 SessionRequestFailureMessage
[Client:extension:4763:liveshare:connection:2386616FC14843E38C15D3AFDBF7DE024F7D:liveshare:WorkspaceClient:1 V] checkConnectionWithTimeout -> 'succeeded' t:4.0
[Client:extension:4763:liveshare:connection:2386616FC14843E38C15D3AFDBF7DE024F7D:liveshare:WorkspaceClient:1 V] checkConnectionWithTimeout -> 'started'
[Client:extension:4763:liveshare:connection:2386616FC14843E38C15D3AFDBF7DE024F7D:liveshare:WorkspaceClient V] checking ssh connection
[Client:extension:4763:liveshare:connection:2386616FC14843E38C15D3AFDBF7DE024F7D:liveshare:WorkspaceClient V] Sending #32 SessionRequestMessage (requestType=ping-check-connection)
[Client:extension:4763:liveshare:connection:2386616FC14843E38C15D3AFDBF7DE024F7D:liveshare:WorkspaceClient V] Receiving #36 SessionRequestFailureMessage
[Client:extension:4763:liveshare:connection:2386616FC14843E38C15D3AFDBF7DE024F7D:liveshare:WorkspaceClient:1 V] checkConnectionWithTimeout -> 'succeeded' t:6.0
[Client:extension:4763:liveshare:connection:2386616FC14843E38C15D3AFDBF7DE024F7D:liveshare:WorkspaceClient V] Receiving #39 ChannelCloseMessage (recipientChannel=3)
[Client:extension:4763:liveshare:connection:2386616FC14843E38C15D3AFDBF7DE024F7D:liveshare:WorkspaceClient I] SshChannel(Type: session, Id: 3, RemoteId: 2) closed remotely. (S: 0, R: 51)
[Client:extension:4763:liveshare:connection:2386616FC14843E38C15D3AFDBF7DE024F7D:liveshare:WorkspaceClient V] Receiving #40 ChannelCloseMessage (recipientChannel=2)
[Client:extension:4763:liveshare:connection:2386616FC14843E38C15D3AFDBF7DE024F7D:liveshare:WorkspaceClient I] SshChannel(Type: session, Id: 2, RemoteId: 1) closed remotely. (S: 0, R: 51)
[Performance I] Executed get-performance-data using gRPC
[Client:extension:4763:liveshare:connection:2386616FC14843E38C15D3AFDBF7DE024F7D:liveshare:WorkspaceClient:1 V] checkConnectionWithTimeout -> 'started'
[Client:extension:4763:liveshare:connection:2386616FC14843E38C15D3AFDBF7DE024F7D:liveshare:WorkspaceClient V] checking ssh connection
[Client:extension:4763:liveshare:connection:2386616FC14843E38C15D3AFDBF7DE024F7D:liveshare:WorkspaceClient V] Sending #33 SessionRequestMessage (requestType=ping-check-connection)
[Client:extension:4763:liveshare:connection:2386616FC14843E38C15D3AFDBF7DE024F7D:liveshare:WorkspaceClient V] Receiving #41 SessionRequestFailureMessage
[Client:extension:4763:liveshare:connection:2386616FC14843E38C15D3AFDBF7DE024F7D:liveshare:WorkspaceClient:1 V] checkConnectionWithTimeout -> 'succeeded' t:4.0
[Client:extension:4763:liveshare:connection:2386616FC14843E38C15D3AFDBF7DE024F7D:liveshare:WorkspaceClient:1 V] checkConnectionWithTimeout -> 'started'
[Client:extension:4763:liveshare:connection:2386616FC14843E38C15D3AFDBF7DE024F7D:liveshare:WorkspaceClient V] checking ssh connection
[Client:extension:4763:liveshare:connection:2386616FC14843E38C15D3AFDBF7DE024F7D:liveshare:WorkspaceClient V] Sending #34 SessionRequestMessage (requestType=ping-check-connection)
[Client:extension:4763:liveshare:connection:2386616FC14843E38C15D3AFDBF7DE024F7D:liveshare:WorkspaceClient V] Receiving #42 SessionRequestFailureMessage
[Client:extension:4763:liveshare:connection:2386616FC14843E38C15D3AFDBF7DE024F7D:liveshare:WorkspaceClient:1 V] checkConnectionWithTimeout -> 'succeeded' t:3.0
[Client:extension:4763:liveshare:connection:2386616FC14843E38C15D3AFDBF7DE024F7D:liveshare:WorkspaceClient:1 V] checkConnectionWithTimeout -> 'started'
[Client:extension:4763:liveshare:connection:2386616FC14843E38C15D3AFDBF7DE024F7D:liveshare:WorkspaceClient V] checking ssh connection
[Client:extension:4763:liveshare:connection:2386616FC14843E38C15D3AFDBF7DE024F7D:liveshare:WorkspaceClient V] Sending #35 SessionRequestMessage (requestType=ping-check-connection)
[Client:extension:4763:liveshare:connection:2386616FC14843E38C15D3AFDBF7DE024F7D:liveshare:WorkspaceClient V] Receiving #44 SessionRequestFailureMessage
[Client:extension:4763:liveshare:connection:2386616FC14843E38C15D3AFDBF7DE024F7D:liveshare:WorkspaceClient:1 V] checkConnectionWithTimeout -> 'succeeded' t:5.0
