2024-03-02 04:52:07.609 [info] ログ レベル: Info
2024-03-02 04:52:07.610 [info] Git の検証が検出されました: "git"
2024-03-02 04:52:07.610 [info] "git" から Git "2.43.0" を使用しています
2024-03-02 04:52:07.610 [info] > git rev-parse --show-toplevel [9ms]
2024-03-02 04:52:07.610 [info] fatal: not a git repository (or any of the parent directories): .git
2024-03-02 04:52:07.610 [info] > git rev-parse --show-toplevel [4ms]
2024-03-02 04:52:07.610 [info] fatal: not a git repository (or any of the parent directories): .git
2024-03-02 04:52:07.611 [info] > git rev-parse --show-toplevel [2ms]
2024-03-02 04:52:07.611 [info] fatal: not a git repository (or any of the parent directories): .git
2024-03-02 04:52:07.651 [info] > git rev-parse --show-toplevel [20ms]
2024-03-02 04:52:07.651 [info] fatal: not a git repository (or any of the parent directories): .git
2024-03-02 05:41:14.022 [info] > git rev-parse --show-toplevel [1ms]
2024-03-02 05:41:14.050 [info] > git rev-parse --git-dir --git-common-dir [2ms]
2024-03-02 05:41:14.063 [info] Open repository: /home/vscode/progate_path/self_introduction_push/self_introduction
2024-03-02 05:41:14.125 [info] No remotes found in the git config file.
2024-03-02 05:41:14.127 [info] > git config --get commit.template [29ms]
2024-03-02 05:41:14.129 [info] > git for-each-ref --format=%(refname)%00%(upstream:short)%00%(objectname)%00%(upstream:track)%00%(upstream:remotename)%00%(upstream:remoteref) refs/heads/main refs/remotes/main [4ms]
2024-03-02 05:41:14.159 [info] > git status -z -uall [3ms]
2024-03-02 05:41:14.206 [info] > git config --get commit.template [5ms]
2024-03-02 05:41:14.240 [info] No remotes found in the git config file.
2024-03-02 05:41:14.241 [info] > git for-each-ref --format=%(refname)%00%(upstream:short)%00%(objectname)%00%(upstream:track)%00%(upstream:remotename)%00%(upstream:remoteref) refs/heads/main refs/remotes/main [2ms]
2024-03-02 05:41:14.271 [info] > git status -z -uall [4ms]
2024-03-02 05:41:14.590 [info] > git config --local branch.main.github-pr-owner-number [2ms]
2024-03-02 05:41:14.620 [info] > git config --local branch.main.remote [2ms]
2024-03-02 05:41:14.734 [info] > git check-ignore -v -z --stdin [3ms]
2024-03-02 05:43:35.545 [info] No remotes found in the git config file.
2024-03-02 05:43:35.546 [info] > git config --get commit.template [28ms]
2024-03-02 05:43:35.547 [info] > git for-each-ref --format=%(refname)%00%(upstream:short)%00%(objectname)%00%(upstream:track)%00%(upstream:remotename)%00%(upstream:remoteref) refs/heads/main refs/remotes/main [2ms]
2024-03-02 05:43:35.577 [info] > git status -z -uall [2ms]
2024-03-02 05:43:57.214 [info] No remotes found in the git config file.
2024-03-02 05:43:57.215 [info] > git config --get commit.template [29ms]
2024-03-02 05:43:57.216 [info] > git for-each-ref --format=%(refname)%00%(upstream:short)%00%(objectname)%00%(upstream:track)%00%(upstream:remotename)%00%(upstream:remoteref) refs/heads/main refs/remotes/main [2ms]
2024-03-02 05:43:57.250 [info] > git status -z -uall [2ms]
2024-03-02 05:44:06.389 [info] No remotes found in the git config file.
2024-03-02 05:44:06.390 [info] > git config --get commit.template [32ms]
2024-03-02 05:44:06.391 [info] > git for-each-ref --format=%(refname)%00%(upstream:short)%00%(objectname)%00%(upstream:track)%00%(upstream:remotename)%00%(upstream:remoteref) refs/heads/main refs/remotes/main [2ms]
2024-03-02 05:44:06.420 [info] > git status -z -uall [2ms]
2024-03-02 05:44:06.453 [info] > git config --local branch.main.github-pr-owner-number [2ms]
2024-03-02 05:44:06.485 [info] > git config --local branch.main.remote [1ms]
2024-03-02 05:45:29.842 [info] > git config --get commit.template [29ms]
2024-03-02 05:45:29.845 [info] > git for-each-ref --format=%(refname)%00%(upstream:short)%00%(objectname)%00%(upstream:track)%00%(upstream:remotename)%00%(upstream:remoteref) refs/heads/main refs/remotes/main [4ms]
2024-03-02 05:45:29.879 [info] > git status -z -uall [3ms]
2024-03-02 05:45:30.576 [info] > git config --local branch.main.github-pr-owner-number [126ms]
2024-03-02 05:45:30.607 [info] > git config --local branch.main.remote [3ms]
2024-03-02 05:46:14.091 [info] > git config --local branch.main.github-pr-owner-number [1ms]
2024-03-02 05:47:46.549 [info] > git config --get commit.template [1ms]
2024-03-02 05:47:46.580 [info] > git for-each-ref --format=%(refname)%00%(upstream:short)%00%(objectname)%00%(upstream:track)%00%(upstream:remotename)%00%(upstream:remoteref) refs/heads/branch-a refs/remotes/branch-a [2ms]
2024-03-02 05:47:46.609 [info] > git status -z -uall [2ms]
2024-03-02 05:47:46.858 [info] > git config --local branch.branch-a.github-pr-owner-number [111ms]
2024-03-02 05:47:46.889 [info] > git config --local branch.branch-a.remote [4ms]
2024-03-02 05:51:14.120 [info] > git config --local branch.branch-a.github-pr-owner-number [1ms]
2024-03-02 05:56:05.067 [info] > git config --get commit.template [29ms]
2024-03-02 05:56:05.069 [info] > git for-each-ref --format=%(refname)%00%(upstream:short)%00%(objectname)%00%(upstream:track)%00%(upstream:remotename)%00%(upstream:remoteref) refs/heads/branch-a refs/remotes/branch-a [2ms]
2024-03-02 05:56:05.097 [info] > git status -z -uall [2ms]
2024-03-02 05:56:14.148 [info] > git config --local branch.branch-a.github-pr-owner-number [2ms]
2024-03-02 06:01:14.176 [info] > git config --local branch.branch-a.github-pr-owner-number [1ms]
2024-03-02 06:06:14.205 [info] > git config --local branch.branch-a.github-pr-owner-number [1ms]
2024-03-02 06:11:14.234 [info] > git config --local branch.branch-a.github-pr-owner-number [2ms]
2024-03-02 06:13:04.236 [info] > git check-ignore -v -z --stdin [1ms]
2024-03-02 06:13:05.352 [info] > git show --textconv :src/favorite_food.md [35ms]
2024-03-02 06:13:05.353 [info] > git ls-files --stage -- /home/vscode/progate_path/self_introduction_push/self_introduction/src/favorite_food.md [3ms]
2024-03-02 06:13:05.387 [info] > git cat-file -s f5033617eeed106b96d7206b522114e8323b4198 [3ms]
2024-03-02 06:13:12.392 [info] > git config --get commit.template [28ms]
2024-03-02 06:13:12.393 [info] > git for-each-ref --format=%(refname)%00%(upstream:short)%00%(objectname)%00%(upstream:track)%00%(upstream:remotename)%00%(upstream:remoteref) refs/heads/branch-a refs/remotes/branch-a [2ms]
2024-03-02 06:13:12.422 [info] > git status -z -uall [2ms]
2024-03-02 06:13:17.482 [info] > git config --get commit.template [29ms]
2024-03-02 06:13:17.483 [info] > git for-each-ref --format=%(refname)%00%(upstream:short)%00%(objectname)%00%(upstream:track)%00%(upstream:remotename)%00%(upstream:remoteref) refs/heads/branch-a refs/remotes/branch-a [2ms]
2024-03-02 06:13:17.511 [info] > git status -z -uall [3ms]
2024-03-02 06:13:22.566 [info] > git config --get commit.template [25ms]
2024-03-02 06:13:22.567 [info] > git for-each-ref --format=%(refname)%00%(upstream:short)%00%(objectname)%00%(upstream:track)%00%(upstream:remotename)%00%(upstream:remoteref) refs/heads/branch-a refs/remotes/branch-a [3ms]
2024-03-02 06:13:22.593 [info] > git status -z -uall [2ms]
2024-03-02 06:13:41.289 [info] > git config --get commit.template [25ms]
2024-03-02 06:13:41.291 [info] > git for-each-ref --format=%(refname)%00%(upstream:short)%00%(objectname)%00%(upstream:track)%00%(upstream:remotename)%00%(upstream:remoteref) refs/heads/branch-a refs/remotes/branch-a [3ms]
2024-03-02 06:13:41.320 [info] > git status -z -uall [2ms]
2024-03-02 06:13:41.504 [info] > git ls-files --stage -- /home/vscode/progate_path/self_introduction_push/self_introduction/src/favorite_food.md [3ms]
2024-03-02 06:13:41.530 [info] > git cat-file -s ead538bd7eb8c063fb18523dd96cdd76c43e8595 [2ms]
2024-03-02 06:13:41.680 [info] > git show --textconv :src/favorite_food.md [3ms]
2024-03-02 06:13:50.139 [info] > git config --get commit.template [25ms]
2024-03-02 06:13:50.141 [info] > git for-each-ref --format=%(refname)%00%(upstream:short)%00%(objectname)%00%(upstream:track)%00%(upstream:remotename)%00%(upstream:remoteref) refs/heads/branch-a refs/remotes/branch-a [2ms]
2024-03-02 06:13:50.197 [info] > git status -z -uall [33ms]
2024-03-02 06:13:50.529 [info] > git config --local branch.branch-a.github-pr-owner-number [2ms]
2024-03-02 06:13:50.556 [info] > git ls-files --stage -- /home/vscode/progate_path/self_introduction_push/self_introduction/src/favorite_food.md [57ms]
2024-03-02 06:13:50.582 [info] > git config --local branch.branch-a.remote [26ms]
2024-03-02 06:13:50.583 [info] > git cat-file -s ead538bd7eb8c063fb18523dd96cdd76c43e8595 [3ms]
2024-03-02 06:13:50.742 [info] > git show --textconv :src/favorite_food.md [2ms]
2024-03-02 06:16:14.262 [info] > git config --local branch.branch-a.github-pr-owner-number [2ms]
2024-03-02 06:16:58.398 [info] > git check-ignore -v -z --stdin [2ms]
2024-03-02 06:17:05.053 [info] > git config --get commit.template [1ms]
2024-03-02 06:17:05.081 [info] > git for-each-ref --format=%(refname)%00%(upstream:short)%00%(objectname)%00%(upstream:track)%00%(upstream:remotename)%00%(upstream:remoteref) refs/heads/branch-a refs/remotes/branch-a [2ms]
2024-03-02 06:17:05.110 [info] > git status -z -uall [3ms]
2024-03-02 06:17:05.251 [info] > git ls-files --stage -- /home/vscode/progate_path/self_introduction_push/self_introduction/src/favorite_food.md [2ms]
2024-03-02 06:17:05.278 [info] > git cat-file -s ead538bd7eb8c063fb18523dd96cdd76c43e8595 [2ms]
2024-03-02 06:17:05.414 [info] > git show --textconv :src/favorite_food.md [3ms]
2024-03-02 06:17:58.758 [info] > git config --get commit.template [28ms]
2024-03-02 06:17:58.759 [info] > git for-each-ref --format=%(refname)%00%(upstream:short)%00%(objectname)%00%(upstream:track)%00%(upstream:remotename)%00%(upstream:remoteref) refs/heads/branch-a refs/remotes/branch-a [2ms]
2024-03-02 06:17:58.788 [info] > git status -z -uall [2ms]
2024-03-02 06:17:58.967 [info] > git ls-files --stage -- /home/vscode/progate_path/self_introduction_push/self_introduction/src/favorite_food.md [1ms]
2024-03-02 06:17:58.995 [info] > git cat-file -s ead538bd7eb8c063fb18523dd96cdd76c43e8595 [2ms]
2024-03-02 06:17:59.142 [info] > git show --textconv :src/favorite_food.md [3ms]
2024-03-02 06:19:16.947 [info] > git config --get commit.template [26ms]
2024-03-02 06:19:16.949 [info] > git for-each-ref --format=%(refname)%00%(upstream:short)%00%(objectname)%00%(upstream:track)%00%(upstream:remotename)%00%(upstream:remoteref) refs/heads/branch-a refs/remotes/branch-a [2ms]
2024-03-02 06:19:16.977 [info] > git status -z -uall [3ms]
2024-03-02 06:19:17.158 [info] > git ls-files --stage -- /home/vscode/progate_path/self_introduction_push/self_introduction/src/favorite_food.md [1ms]
2024-03-02 06:19:17.186 [info] > git cat-file -s ead538bd7eb8c063fb18523dd96cdd76c43e8595 [1ms]
2024-03-02 06:19:17.327 [info] > git show --textconv :src/favorite_food.md [3ms]
2024-03-02 06:19:53.812 [info] > git check-ignore -v -z --stdin [2ms]
2024-03-02 06:21:14.292 [info] > git config --local branch.branch-a.github-pr-owner-number [1ms]
