2024-03-02 06:22:40.790 [info] Reading sessions from keychain...
2024-03-02 06:22:40.791 [info] Getting sessions for all scopes...
2024-03-02 06:22:40.791 [info] Getting sessions for user:email...
2024-03-02 06:22:40.794 [info] Got stored sessions!
2024-03-02 06:22:40.794 [info] Got 6 verified sessions.
2024-03-02 06:22:40.795 [info] Got 6 sessions for ...
2024-03-02 06:22:40.795 [info] Got 1 sessions for user:email...
2024-03-02 06:22:40.801 [info] Getting sessions for all scopes...
2024-03-02 06:22:40.801 [info] Got 6 sessions for ...
2024-03-02 06:22:40.898 [info] Getting sessions for codespace,read:user,repo,user:email...
2024-03-02 06:22:40.898 [info] Got 1 sessions for codespace,read:user,repo,user:email...
2024-03-02 06:22:40.900 [info] Getting sessions for all scopes...
2024-03-02 06:22:40.900 [info] Got 6 sessions for ...
2024-03-02 06:22:43.622 [info] Getting sessions for all scopes...
2024-03-02 06:22:43.622 [info] Got 6 sessions for ...
2024-03-02 06:22:44.486 [info] Getting sessions for all scopes...
2024-03-02 06:22:44.487 [info] Got 6 sessions for ...
2024-03-02 06:22:44.689 [info] Getting sessions for all scopes...
2024-03-02 06:22:44.689 [info] Got 6 sessions for ...
2024-03-02 06:22:44.968 [info] Getting sessions for all scopes...
2024-03-02 06:22:44.969 [info] Got 6 sessions for ...
2024-03-02 06:22:45.616 [info] Getting sessions for read:user,repo,user:email,workflow...
2024-03-02 06:22:45.616 [info] Getting sessions for all scopes...
2024-03-02 06:22:45.616 [info] Got 1 sessions for read:user,repo,user:email,workflow...
2024-03-02 06:22:45.616 [info] Got 6 sessions for ...
2024-03-02 06:22:45.821 [info] Getting sessions for user:email...
2024-03-02 06:22:45.821 [info] Got 1 sessions for user:email...
2024-03-02 06:22:46.244 [info] Getting sessions for project,read:org,read:user,repo,user:email,workflow...
2024-03-02 06:22:46.244 [info] Got 0 sessions for project,read:org,read:user,repo,user:email,workflow...
2024-03-02 06:22:48.704 [info] Getting sessions for read:user,repo,user:email,workflow...
2024-03-02 06:22:48.704 [info] Got 1 sessions for read:user,repo,user:email,workflow...
2024-03-02 06:22:50.700 [info] Getting sessions for read:user,repo,user:email,workflow...
2024-03-02 06:22:50.700 [info] Got 1 sessions for read:user,repo,user:email,workflow...
